{"level":"info","message":"server is listen on port:","timestamp":"2026-03-24 00:11:31"}
{"level":"info","message":"Redis Connected Successfully","timestamp":"2026-03-24 00:11:34"}
{"level":"info","message":"DataBase Connected Successfully","timestamp":"2026-03-24 00:11:45"}
{"level":"info","message":"Cache HIT: menu-items","timestamp":"2026-03-24 00:12:04"}
{"level":"http","message":"GET /api/menu 200 1676 - 1464.538 ms","timestamp":"2026-03-24 00:12:04"}
{"level":"info","message":"server is listen on port:","timestamp":"2026-03-24 00:12:15"}
{"level":"info","message":"server is listen on port:","timestamp":"2026-03-24 00:12:17"}
{"level":"info","message":"Redis Connected Successfully","timestamp":"2026-03-24 00:12:18"}
{"level":"info","message":"server is listen on port:","timestamp":"2026-03-24 00:12:25"}
{"level":"info","message":"server is listen on port:","timestamp":"2026-03-24 00:12:29"}
{"level":"info","message":"server is listen on port:","timestamp":"2026-03-24 00:12:32"}
{"level":"info","message":"Redis Connected Successfully","timestamp":"2026-03-24 00:12:37"}
{"level":"info","message":"Cache HIT: menu-items","timestamp":"2026-03-24 00:12:39"}
{"level":"http","message":"GET /api/menu 200 1522 - 3003.108 ms","timestamp":"2026-03-24 00:12:39"}
{"level":"info","message":"Cache HIT: menu-items","timestamp":"2026-03-24 00:12:43"}
{"level":"http","message":"GET /api/menu 200 1522 - 1761.117 ms","timestamp":"2026-03-24 00:12:43"}
{"level":"info","message":"Cache HIT: menu-items","timestamp":"2026-03-24 00:12:47"}
{"level":"http","message":"GET /api/menu 200 1522 - 1605.023 ms","timestamp":"2026-03-24 00:12:47"}
{"level":"info","message":"Cache HIT: menu-items","timestamp":"2026-03-24 00:12:55"}
{"level":"http","message":"GET /api/menu 200 1522 - 1190.753 ms","timestamp":"2026-03-24 00:12:55"}
{"level":"info","message":"DataBase Connected Successfully","timestamp":"2026-03-24 00:12:56"}
{"level":"info","message":"server is listen on port:","timestamp":"2026-03-24 00:13:33"}
{"level":"info","message":"Redis Connected Successfully","timestamp":"2026-03-24 00:13:36"}
{"level":"info","message":"DataBase Connected Successfully","timestamp":"2026-03-24 00:13:40"}
{"level":"info","message":"Cache HIT: menu-items","timestamp":"2026-03-24 00:13:45"}
{"level":"http","message":"GET /api/menu 200 1522 - 1200.296 ms","timestamp":"2026-03-24 00:13:45"}
{"level":"info","message":"Cache HIT: menu-items","timestamp":"2026-03-24 00:14:27"}
{"level":"http","message":"GET /api/menu 200 1522 - 142.991 ms","timestamp":"2026-03-24 00:14:27"}
{"level":"info","message":"Cache HIT: menu-items","timestamp":"2026-03-24 00:14:39"}
{"level":"http","message":"GET /api/menu 200 1522 - 1062.003 ms","timestamp":"2026-03-24 00:14:39"}
{"level":"info","message":"Cache HIT: menu-items","timestamp":"2026-03-24 00:14:49"}
{"level":"http","message":"GET /api/menu 200 1522 - 1404.722 ms","timestamp":"2026-03-24 00:14:49"}
{"level":"info","message":"Cache HIT: menu-items","timestamp":"2026-03-24 00:16:30"}
{"level":"http","message":"GET /api/menu 200 1522 - 141.020 ms","timestamp":"2026-03-24 00:16:30"}
{"level":"info","message":"Cache HIT: menu-items","timestamp":"2026-03-24 00:16:37"}
{"level":"http","message":"GET /api/menu 200 1522 - 168.871 ms","timestamp":"2026-03-24 00:16:37"}
{"level":"info","message":"Cache HIT: menu-items","timestamp":"2026-03-24 00:16:40"}
{"level":"http","message":"GET /api/menu 200 1522 - 228.789 ms","timestamp":"2026-03-24 00:16:40"}
{"level":"info","message":"Cache HIT: menu-items","timestamp":"2026-03-24 00:16:42"}
{"level":"http","message":"GET /api/menu 200 1522 - 242.660 ms","timestamp":"2026-03-24 00:16:42"}
{"level":"info","message":"Cache HIT: menu-items","timestamp":"2026-03-24 00:16:44"}
{"level":"http","message":"GET /api/menu 200 1522 - 173.798 ms","timestamp":"2026-03-24 00:16:44"}
{"level":"info","message":"Cache HIT: menu-items","timestamp":"2026-03-24 00:16:47"}
{"level":"http","message":"GET /api/menu 200 1522 - 141.103 ms","timestamp":"2026-03-24 00:16:47"}
{"level":"info","message":"Cache HIT: menu-items","timestamp":"2026-03-24 00:16:49"}
{"level":"http","message":"GET /api/menu 200 1522 - 172.751 ms","timestamp":"2026-03-24 00:16:49"}
{"level":"info","message":"Cache HIT: menu-items","timestamp":"2026-03-24 00:16:54"}
{"level":"http","message":"GET /api/menu 200 1522 - 138.675 ms","timestamp":"2026-03-24 00:16:54"}
{"level":"info","message":"server is listen on port:","timestamp":"2026-03-24 00:17:28"}
{"level":"info","message":"Redis Connected Successfully","timestamp":"2026-03-24 00:17:28"}
{"level":"info","message":"DataBase Connected Successfully","timestamp":"2026-03-24 00:17:30"}
{"level":"info","message":"Cache HIT: menu-items","timestamp":"2026-03-24 00:21:41"}
{"level":"http","message":"GET /api/menu 200 1522 - 155.277 ms","timestamp":"2026-03-24 00:21:41"}
{"level":"info","message":"server is listen on port:","timestamp":"2026-03-24 00:24:46"}
{"level":"info","message":"Redis Connected Successfully","timestamp":"2026-03-24 00:24:46"}
{"level":"info","message":"DataBase Connected Successfully","timestamp":"2026-03-24 00:24:48"}
{"level":"info","message":"server is listen on port:","timestamp":"2026-03-24 00:24:51"}
{"level":"info","message":"Redis Connected Successfully","timestamp":"2026-03-24 00:24:51"}
{"level":"info","message":"DataBase Connected Successfully","timestamp":"2026-03-24 00:24:53"}
{"level":"info","message":"server is listen on port:","timestamp":"2026-03-24 00:24:55"}
{"level":"info","message":"Redis Connected Successfully","timestamp":"2026-03-24 00:24:55"}
{"level":"info","message":"DataBase Connected Successfully","timestamp":"2026-03-24 00:24:57"}
{"level":"info","message":"server is listen on port:","timestamp":"2026-03-24 00:25:06"}
{"level":"info","message":"Redis Connected Successfully","timestamp":"2026-03-24 00:25:06"}
{"level":"info","message":"DataBase Connected Successfully","timestamp":"2026-03-24 00:25:08"}
{"level":"info","message":"server is listen on port:","timestamp":"2026-03-24 00:25:11"}
{"level":"info","message":"Redis Connected Successfully","timestamp":"2026-03-24 00:25:11"}
{"level":"info","message":"DataBase Connected Successfully","timestamp":"2026-03-24 00:25:12"}
{"level":"info","message":"server is listen on port:","timestamp":"2026-03-24 00:25:16"}
{"level":"info","message":"Redis Connected Successfully","timestamp":"2026-03-24 00:25:16"}
{"level":"info","message":"DataBase Connected Successfully","timestamp":"2026-03-24 00:25:17"}
{"level":"info","message":"server is listen on port:","timestamp":"2026-03-24 00:25:20"}
{"level":"info","message":"Redis Connected Successfully","timestamp":"2026-03-24 00:25:20"}
{"level":"info","message":"DataBase Connected Successfully","timestamp":"2026-03-24 00:25:21"}
{"level":"info","message":"server is listen on port:","timestamp":"2026-03-24 00:25:29"}
{"level":"info","message":"Redis Connected Successfully","timestamp":"2026-03-24 00:25:29"}
{"level":"info","message":"DataBase Connected Successfully","timestamp":"2026-03-24 00:25:30"}
{"level":"info","message":"server is listen on port:","timestamp":"2026-03-24 00:25:32"}
{"level":"info","message":"Redis Connected Successfully","timestamp":"2026-03-24 00:25:32"}
{"level":"info","message":"server is listen on port:","timestamp":"2026-03-24 00:25:33"}
{"level":"info","message":"Redis Connected Successfully","timestamp":"2026-03-24 00:25:33"}
{"level":"info","message":"DataBase Connected Successfully","timestamp":"2026-03-24 00:25:35"}
{"level":"info","message":"server is listen on port:","timestamp":"2026-03-24 00:26:39"}
{"level":"info","message":"Redis Connected Successfully","timestamp":"2026-03-24 00:26:40"}
{"level":"info","message":"DataBase Connected Successfully","timestamp":"2026-03-24 00:26:43"}
{"level":"info","message":"server is listen on port:","timestamp":"2026-03-24 00:28:46"}
{"level":"info","message":"Redis Connected Successfully","timestamp":"2026-03-24 00:28:47"}
{"level":"info","message":"server is listen on port:","timestamp":"2026-03-24 00:28:48"}
{"level":"info","message":"Redis Connected Successfully","timestamp":"2026-03-24 00:28:48"}
{"level":"info","message":"DataBase Connected Successfully","timestamp":"2026-03-24 00:28:50"}
{"level":"info","message":"server is listen on port:","timestamp":"2026-03-24 00:35:14"}
{"level":"info","message":"Redis Connected Successfully","timestamp":"2026-03-24 00:35:14"}
{"level":"info","message":"DataBase Connected Successfully","timestamp":"2026-03-24 00:35:15"}
{"level":"info","message":"server is listen on port:","timestamp":"2026-03-24 00:35:25"}
{"level":"info","message":"Redis Connected Successfully","timestamp":"2026-03-24 00:35:26"}
{"level":"info","message":"DataBase Connected Successfully","timestamp":"2026-03-24 00:35:27"}
{"level":"info","message":"server is listen on port:","timestamp":"2026-03-24 00:35:34"}
{"level":"info","message":"Redis Connected Successfully","timestamp":"2026-03-24 00:35:35"}
{"level":"info","message":"DataBase Connected Successfully","timestamp":"2026-03-24 00:35:36"}
{"level":"info","message":"server is listen on port:","timestamp":"2026-03-24 00:35:39"}
{"level":"info","message":"Redis Connected Successfully","timestamp":"2026-03-24 00:35:40"}
{"level":"info","message":"server is listen on port:","timestamp":"2026-03-24 00:35:41"}
{"level":"info","message":"Redis Connected Successfully","timestamp":"2026-03-24 00:35:41"}
{"level":"info","message":"DataBase Connected Successfully","timestamp":"2026-03-24 00:35:42"}
{"level":"info","message":"server is listen on port:","timestamp":"2026-03-24 00:36:00"}
{"level":"info","message":"Redis Connected Successfully","timestamp":"2026-03-24 00:36:00"}
{"level":"info","message":"server is listen on port:","timestamp":"2026-03-24 00:36:02"}
{"level":"info","message":"Redis Connected Successfully","timestamp":"2026-03-24 00:36:02"}
{"level":"info","message":"server is listen on port:","timestamp":"2026-03-24 00:36:03"}
{"level":"info","message":"Redis Connected Successfully","timestamp":"2026-03-24 00:36:04"}
{"level":"info","message":"DataBase Connected Successfully","timestamp":"2026-03-24 00:36:05"}
{"level":"info","message":"server is listen on port:","timestamp":"2026-03-24 00:36:32"}
{"level":"info","message":"Redis Connected Successfully","timestamp":"2026-03-24 00:36:32"}
{"level":"info","message":"DataBase Connected Successfully","timestamp":"2026-03-24 00:36:33"}
{"level":"info","message":"server is listen on port:","timestamp":"2026-03-24 00:36:38"}
{"level":"info","message":"Redis Connected Successfully","timestamp":"2026-03-24 00:36:39"}
{"level":"info","message":"DataBase Connected Successfully","timestamp":"2026-03-24 00:36:40"}
{"level":"info","message":"server is listen on port:","timestamp":"2026-03-24 00:36:44"}
{"level":"info","message":"Redis Connected Successfully","timestamp":"2026-03-24 00:36:44"}
{"level":"info","message":"DataBase Connected Successfully","timestamp":"2026-03-24 00:36:45"}
{"level":"info","message":"server is listen on port:","timestamp":"2026-03-24 00:37:04"}
{"level":"info","message":"Redis Connected Successfully","timestamp":"2026-03-24 00:37:04"}
{"level":"info","message":"DataBase Connected Successfully","timestamp":"2026-03-24 00:37:05"}
{"level":"info","message":"server is listen on port:","timestamp":"2026-03-24 00:37:26"}
{"level":"info","message":"Redis Connected Successfully","timestamp":"2026-03-24 00:37:26"}
{"level":"info","message":"server is listen on port:","timestamp":"2026-03-24 00:37:28"}
{"level":"info","message":"Redis Connected Successfully","timestamp":"2026-03-24 00:37:28"}
{"level":"info","message":"DataBase Connected Successfully","timestamp":"2026-03-24 00:37:30"}
{"level":"info","message":"server is listen on port:","timestamp":"2026-03-24 00:37:52"}
{"level":"info","message":"Redis Connected Successfully","timestamp":"2026-03-24 00:37:52"}
{"level":"info","message":"server is listen on port:","timestamp":"2026-03-24 00:37:54"}
{"level":"info","message":"Redis Connected Successfully","timestamp":"2026-03-24 00:37:55"}
{"level":"info","message":"DataBase Connected Successfully","timestamp":"2026-03-24 00:37:56"}
{"level":"info","message":"server is listen on port:","timestamp":"2026-03-24 00:37:58"}
{"level":"info","message":"Redis Connected Successfully","timestamp":"2026-03-24 00:37:58"}
{"level":"info","message":"DataBase Connected Successfully","timestamp":"2026-03-24 00:38:00"}
{"level":"info","message":"server is listen on port:","timestamp":"2026-03-24 00:38:12"}
{"level":"info","message":"Redis Connected Successfully","timestamp":"2026-03-24 00:38:12"}
{"level":"info","message":"DataBase Connected Successfully","timestamp":"2026-03-24 00:38:14"}
{"level":"info","message":"server is listen on port:","timestamp":"2026-03-24 00:39:00"}
{"level":"info","message":"Redis Connected Successfully","timestamp":"2026-03-24 00:39:01"}
{"level":"info","message":"DataBase Connected Successfully","timestamp":"2026-03-24 00:39:02"}
{"level":"info","message":"server is listen on port:","timestamp":"2026-03-24 00:39:18"}
{"level":"info","message":"Redis Connected Successfully","timestamp":"2026-03-24 00:39:19"}
{"level":"info","message":"DataBase Connected Successfully","timestamp":"2026-03-24 00:39:20"}
{"level":"info","message":"server is listen on port:","timestamp":"2026-03-24 00:39:30"}
{"level":"info","message":"Redis Connected Successfully","timestamp":"2026-03-24 00:39:31"}
{"level":"info","message":"DataBase Connected Successfully","timestamp":"2026-03-24 00:39:32"}
{"level":"info","message":"server is listen on port:","timestamp":"2026-03-24 00:39:33"}
{"level":"info","message":"Redis Connected Successfully","timestamp":"2026-03-24 00:39:33"}
{"level":"info","message":"DataBase Connected Successfully","timestamp":"2026-03-24 00:39:35"}
{"level":"info","message":"server is listen on port:","timestamp":"2026-03-24 00:39:43"}
{"level":"info","message":"Redis Connected Successfully","timestamp":"2026-03-24 00:39:43"}
{"level":"info","message":"DataBase Connected Successfully","timestamp":"2026-03-24 00:39:44"}
{"level":"info","message":"server is listen on port:","timestamp":"2026-03-24 00:40:11"}
{"level":"info","message":"Redis Connected Successfully","timestamp":"2026-03-24 00:40:12"}
{"level":"info","message":"DataBase Connected Successfully","timestamp":"2026-03-24 00:40:13"}
{"level":"info","message":"server is listen on port:","timestamp":"2026-03-24 00:40:16"}
{"level":"info","message":"Redis Connected Successfully","timestamp":"2026-03-24 00:40:16"}
{"level":"info","message":"server is listen on port:","timestamp":"2026-03-24 00:40:18"}
{"level":"info","message":"Redis Connected Successfully","timestamp":"2026-03-24 00:40:19"}
{"level":"info","message":"DataBase Connected Successfully","timestamp":"2026-03-24 00:40:20"}
{"level":"info","message":"server is listen on port:","timestamp":"2026-03-24 00:40:22"}
{"level":"info","message":"Redis Connected Successfully","timestamp":"2026-03-24 00:40:22"}
{"level":"info","message":"DataBase Connected Successfully","timestamp":"2026-03-24 00:40:24"}
{"level":"info","message":"server is listen on port:","timestamp":"2026-03-24 00:40:31"}
{"level":"info","message":"Redis Connected Successfully","timestamp":"2026-03-24 00:40:32"}
{"level":"info","message":"DataBase Connected Successfully","timestamp":"2026-03-24 00:40:33"}
{"level":"info","message":"server is listen on port:","timestamp":"2026-03-24 00:40:36"}
{"level":"info","message":"Redis Connected Successfully","timestamp":"2026-03-24 00:40:36"}
{"level":"info","message":"DataBase Connected Successfully","timestamp":"2026-03-24 00:40:38"}
{"level":"info","message":"server is listen on port:","timestamp":"2026-03-24 00:40:45"}
{"level":"info","message":"Redis Connected Successfully","timestamp":"2026-03-24 00:40:46"}
{"level":"info","message":"DataBase Connected Successfully","timestamp":"2026-03-24 00:40:47"}
{"level":"info","message":"server is listen on port:","timestamp":"2026-03-24 00:40:54"}
{"level":"info","message":"Redis Connected Successfully","timestamp":"2026-03-24 00:40:54"}
{"level":"info","message":"DataBase Connected Successfully","timestamp":"2026-03-24 00:40:55"}
{"level":"info","message":"server is listen on port:","timestamp":"2026-03-24 00:40:58"}
{"level":"info","message":"Redis Connected Successfully","timestamp":"2026-03-24 00:40:58"}
{"level":"info","message":"DataBase Connected Successfully","timestamp":"2026-03-24 00:41:00"}
{"level":"info","message":"server is listen on port:","timestamp":"2026-03-24 00:41:11"}
{"level":"info","message":"Redis Connected Successfully","timestamp":"2026-03-24 00:41:11"}
{"level":"info","message":"DataBase Connected Successfully","timestamp":"2026-03-24 00:41:12"}
{"level":"info","message":"server is listen on port:","timestamp":"2026-03-24 00:41:25"}
{"level":"info","message":"Redis Connected Successfully","timestamp":"2026-03-24 00:41:25"}
{"level":"info","message":"DataBase Connected Successfully","timestamp":"2026-03-24 00:41:26"}
{"level":"info","message":"server is listen on port:","timestamp":"2026-03-24 00:41:30"}
{"level":"info","message":"Redis Connected Successfully","timestamp":"2026-03-24 00:41:30"}
{"level":"info","message":"DataBase Connected Successfully","timestamp":"2026-03-24 00:41:32"}
{"level":"info","message":"server is listen on port:","timestamp":"2026-03-24 00:41:42"}
{"level":"info","message":"Redis Connected Successfully","timestamp":"2026-03-24 00:41:42"}
{"level":"info","message":"DataBase Connected Successfully","timestamp":"2026-03-24 00:41:43"}
{"level":"info","message":"server is listen on port:","timestamp":"2026-03-24 00:41:45"}
{"level":"info","message":"Redis Connected Successfully","timestamp":"2026-03-24 00:41:46"}
{"level":"info","message":"DataBase Connected Successfully","timestamp":"2026-03-24 00:41:47"}
{"level":"info","message":"server is listen on port:","timestamp":"2026-03-24 00:41:59"}
{"level":"info","message":"Redis Connected Successfully","timestamp":"2026-03-24 00:41:59"}
{"level":"info","message":"DataBase Connected Successfully","timestamp":"2026-03-24 00:42:00"}
{"level":"info","message":"server is listen on port:","timestamp":"2026-03-24 00:42:13"}
{"level":"info","message":"Redis Connected Successfully","timestamp":"2026-03-24 00:42:14"}
{"level":"info","message":"DataBase Connected Successfully","timestamp":"2026-03-24 00:42:15"}
{"level":"info","message":"server is listen on port:","timestamp":"2026-03-24 00:42:30"}
{"level":"info","message":"Redis Connected Successfully","timestamp":"2026-03-24 00:42:30"}
{"level":"info","message":"DataBase Connected Successfully","timestamp":"2026-03-24 00:42:32"}
{"level":"info","message":"server is listen on port:","timestamp":"2026-03-24 00:43:03"}
{"level":"info","message":"Redis Connected Successfully","timestamp":"2026-03-24 00:43:04"}
{"level":"info","message":"DataBase Connected Successfully","timestamp":"2026-03-24 00:43:05"}
{"level":"info","message":"server is listen on port:","timestamp":"2026-03-24 00:53:08"}
{"level":"info","message":"Redis Connected Successfully","timestamp":"2026-03-24 00:53:08"}
{"level":"info","message":"DataBase Connected Successfully","timestamp":"2026-03-24 00:53:10"}
{"level":"info","message":"server is listen on port:","timestamp":"2026-03-24 00:53:14"}
{"level":"info","message":"Redis Connected Successfully","timestamp":"2026-03-24 00:53:15"}
{"level":"error","message":"Redis Client Error: WRONGPASS invalid username-password pair","stack":"Error: WRONGPASS invalid username-password pair\n    at #decodeSimpleError (D:\\Project\\2 - Restaurant\\node_modules\\@redis\\client\\dist\\lib\\RESP\\decoder.js:457:13)\n    at #decodeTypeValue (D:\\Project\\2 - Restaurant\\node_modules\\@redis\\client\\dist\\lib\\RESP\\decoder.js:104:91)\n    at Decoder.write (D:\\Project\\2 - Restaurant\\node_modules\\@redis\\client\\dist\\lib\\RESP\\decoder.js:74:38)\n    at RedisSocket.<anonymous> (D:\\Project\\2 - Restaurant\\node_modules\\@redis\\client\\dist\\lib\\client\\index.js:461:37)\n    at RedisSocket.emit (node:events:508:28)\n    at Socket.<anonymous> (D:\\Project\\2 - Restaurant\\node_modules\\@redis\\client\\dist\\lib\\client\\socket.js:235:38)\n    at Socket.emit (node:events:508:28)\n    at addChunk (node:internal/streams/readable:563:12)\n    at readableAddChunkPushByteMode (node:internal/streams/readable:514:3)\n    at Readable.push (node:internal/streams/readable:394:5)","timestamp":"2026-03-24 00:53:15"}
{"level":"info","message":"Redis Connected Successfully","timestamp":"2026-03-24 00:53:15"}
{"level":"error","message":"Redis Client Error: WRONGPASS invalid username-password pair","stack":"Error: WRONGPASS invalid username-password pair\n    at #decodeSimpleError (D:\\Project\\2 - Restaurant\\node_modules\\@redis\\client\\dist\\lib\\RESP\\decoder.js:457:13)\n    at #decodeTypeValue (D:\\Project\\2 - Restaurant\\node_modules\\@redis\\client\\dist\\lib\\RESP\\decoder.js:104:91)\n    at Decoder.write (D:\\Project\\2 - Restaurant\\node_modules\\@redis\\client\\dist\\lib\\RESP\\decoder.js:74:38)\n    at RedisSocket.<anonymous> (D:\\Project\\2 - Restaurant\\node_modules\\@redis\\client\\dist\\lib\\client\\index.js:461:37)\n    at RedisSocket.emit (node:events:508:28)\n    at Socket.<anonymous> (D:\\Project\\2 - Restaurant\\node_modules\\@redis\\client\\dist\\lib\\client\\socket.js:235:38)\n    at Socket.emit (node:events:508:28)\n    at addChunk (node:internal/streams/readable:563:12)\n    at readableAddChunkPushByteMode (node:internal/streams/readable:514:3)\n    at Readable.push (node:internal/streams/readable:394:5)","timestamp":"2026-03-24 00:53:15"}
{"level":"info","message":"Redis Connected Successfully","timestamp":"2026-03-24 00:53:16"}
{"level":"error","message":"Redis Client Error: WRONGPASS invalid username-password pair","stack":"Error: WRONGPASS invalid username-password pair\n    at #decodeSimpleError (D:\\Project\\2 - Restaurant\\node_modules\\@redis\\client\\dist\\lib\\RESP\\decoder.js:457:13)\n    at #decodeTypeValue (D:\\Project\\2 - Restaurant\\node_modules\\@redis\\client\\dist\\lib\\RESP\\decoder.js:104:91)\n    at Decoder.write (D:\\Project\\2 - Restaurant\\node_modules\\@redis\\client\\dist\\lib\\RESP\\decoder.js:74:38)\n    at RedisSocket.<anonymous> (D:\\Project\\2 - Restaurant\\node_modules\\@redis\\client\\dist\\lib\\client\\index.js:461:37)\n    at RedisSocket.emit (node:events:508:28)\n    at Socket.<anonymous> (D:\\Project\\2 - Restaurant\\node_modules\\@redis\\client\\dist\\lib\\client\\socket.js:235:38)\n    at Socket.emit (node:events:508:28)\n    at addChunk (node:internal/streams/readable:563:12)\n    at readableAddChunkPushByteMode (node:internal/streams/readable:514:3)\n    at Readable.push (node:internal/streams/readable:394:5)","timestamp":"2026-03-24 00:53:16"}
{"level":"info","message":"DataBase Connected Successfully","timestamp":"2026-03-24 00:53:16"}
{"level":"info","message":"Redis Connected Successfully","timestamp":"2026-03-24 00:53:16"}
{"level":"error","message":"Redis Client Error: WRONGPASS invalid username-password pair","stack":"Error: WRONGPASS invalid username-password pair\n    at #decodeSimpleError (D:\\Project\\2 - Restaurant\\node_modules\\@redis\\client\\dist\\lib\\RESP\\decoder.js:457:13)\n    at #decodeTypeValue (D:\\Project\\2 - Restaurant\\node_modules\\@redis\\client\\dist\\lib\\RESP\\decoder.js:104:91)\n    at Decoder.write (D:\\Project\\2 - Restaurant\\node_modules\\@redis\\client\\dist\\lib\\RESP\\decoder.js:74:38)\n    at RedisSocket.<anonymous> (D:\\Project\\2 - Restaurant\\node_modules\\@redis\\client\\dist\\lib\\client\\index.js:461:37)\n    at RedisSocket.emit (node:events:508:28)\n    at Socket.<anonymous> (D:\\Project\\2 - Restaurant\\node_modules\\@redis\\client\\dist\\lib\\client\\socket.js:235:38)\n    at Socket.emit (node:events:508:28)\n    at addChunk (node:internal/streams/readable:563:12)\n    at readableAddChunkPushByteMode (node:internal/streams/readable:514:3)\n    at Readable.push (node:internal/streams/readable:394:5)","timestamp":"2026-03-24 00:53:16"}
{"level":"info","message":"Redis Connected Successfully","timestamp":"2026-03-24 00:53:17"}
{"level":"error","message":"Redis Client Error: WRONGPASS invalid username-password pair","stack":"Error: WRONGPASS invalid username-password pair\n    at #decodeSimpleError (D:\\Project\\2 - Restaurant\\node_modules\\@redis\\client\\dist\\lib\\RESP\\decoder.js:457:13)\n    at #decodeTypeValue (D:\\Project\\2 - Restaurant\\node_modules\\@redis\\client\\dist\\lib\\RESP\\decoder.js:104:91)\n    at Decoder.write (D:\\Project\\2 - Restaurant\\node_modules\\@redis\\client\\dist\\lib\\RESP\\decoder.js:74:38)\n    at RedisSocket.<anonymous> (D:\\Project\\2 - Restaurant\\node_modules\\@redis\\client\\dist\\lib\\client\\index.js:461:37)\n    at RedisSocket.emit (node:events:508:28)\n    at Socket.<anonymous> (D:\\Project\\2 - Restaurant\\node_modules\\@redis\\client\\dist\\lib\\client\\socket.js:235:38)\n    at Socket.emit (node:events:508:28)\n    at addChunk (node:internal/streams/readable:563:12)\n    at readableAddChunkPushByteMode (node:internal/streams/readable:514:3)\n    at Readable.push (node:internal/streams/readable:394:5)","timestamp":"2026-03-24 00:53:17"}
{"level":"info","message":"Redis Connected Successfully","timestamp":"2026-03-24 00:53:18"}
{"level":"error","message":"Redis Client Error: WRONGPASS invalid username-password pair","stack":"Error: WRONGPASS invalid username-password pair\n    at #decodeSimpleError (D:\\Project\\2 - Restaurant\\node_modules\\@redis\\client\\dist\\lib\\RESP\\decoder.js:457:13)\n    at #decodeTypeValue (D:\\Project\\2 - Restaurant\\node_modules\\@redis\\client\\dist\\lib\\RESP\\decoder.js:104:91)\n    at Decoder.write (D:\\Project\\2 - Restaurant\\node_modules\\@redis\\client\\dist\\lib\\RESP\\decoder.js:74:38)\n    at RedisSocket.<anonymous> (D:\\Project\\2 - Restaurant\\node_modules\\@redis\\client\\dist\\lib\\client\\index.js:461:37)\n    at RedisSocket.emit (node:events:508:28)\n    at Socket.<anonymous> (D:\\Project\\2 - Restaurant\\node_modules\\@redis\\client\\dist\\lib\\client\\socket.js:235:38)\n    at Socket.emit (node:events:508:28)\n    at addChunk (node:internal/streams/readable:563:12)\n    at readableAddChunkPushByteMode (node:internal/streams/readable:514:3)\n    at Readable.push (node:internal/streams/readable:394:5)","timestamp":"2026-03-24 00:53:18"}
{"level":"info","message":"Redis Connected Successfully","timestamp":"2026-03-24 00:53:20"}
{"level":"error","message":"Redis Client Error: WRONGPASS invalid username-password pair","stack":"Error: WRONGPASS invalid username-password pair\n    at #decodeSimpleError (D:\\Project\\2 - Restaurant\\node_modules\\@redis\\client\\dist\\lib\\RESP\\decoder.js:457:13)\n    at #decodeTypeValue (D:\\Project\\2 - Restaurant\\node_modules\\@redis\\client\\dist\\lib\\RESP\\decoder.js:104:91)\n    at Decoder.write (D:\\Project\\2 - Restaurant\\node_modules\\@redis\\client\\dist\\lib\\RESP\\decoder.js:74:38)\n    at RedisSocket.<anonymous> (D:\\Project\\2 - Restaurant\\node_modules\\@redis\\client\\dist\\lib\\client\\index.js:461:37)\n    at RedisSocket.emit (node:events:508:28)\n    at Socket.<anonymous> (D:\\Project\\2 - Restaurant\\node_modules\\@redis\\client\\dist\\lib\\client\\socket.js:235:38)\n    at Socket.emit (node:events:508:28)\n    at addChunk (node:internal/streams/readable:563:12)\n    at readableAddChunkPushByteMode (node:internal/streams/readable:514:3)\n    at Readable.push (node:internal/streams/readable:394:5)","timestamp":"2026-03-24 00:53:20"}
{"level":"info","message":"Redis Connected Successfully","timestamp":"2026-03-24 00:53:23"}
{"level":"error","message":"Redis Client Error: WRONGPASS invalid username-password pair","stack":"Error: WRONGPASS invalid username-password pair\n    at #decodeSimpleError (D:\\Project\\2 - Restaurant\\node_modules\\@redis\\client\\dist\\lib\\RESP\\decoder.js:457:13)\n    at #decodeTypeValue (D:\\Project\\2 - Restaurant\\node_modules\\@redis\\client\\dist\\lib\\RESP\\decoder.js:104:91)\n    at Decoder.write (D:\\Project\\2 - Restaurant\\node_modules\\@redis\\client\\dist\\lib\\RESP\\decoder.js:74:38)\n    at RedisSocket.<anonymous> (D:\\Project\\2 - Restaurant\\node_modules\\@redis\\client\\dist\\lib\\client\\index.js:461:37)\n    at RedisSocket.emit (node:events:508:28)\n    at Socket.<anonymous> (D:\\Project\\2 - Restaurant\\node_modules\\@redis\\client\\dist\\lib\\client\\socket.js:235:38)\n    at Socket.emit (node:events:508:28)\n    at addChunk (node:internal/streams/readable:563:12)\n    at readableAddChunkPushByteMode (node:internal/streams/readable:514:3)\n    at Readable.push (node:internal/streams/readable:394:5)","timestamp":"2026-03-24 00:53:23"}
{"level":"info","message":"Redis Connected Successfully","timestamp":"2026-03-24 00:53:25"}
{"level":"error","message":"Redis Client Error: WRONGPASS invalid username-password pair","stack":"Error: WRONGPASS invalid username-password pair\n    at #decodeSimpleError (D:\\Project\\2 - Restaurant\\node_modules\\@redis\\client\\dist\\lib\\RESP\\decoder.js:457:13)\n    at #decodeTypeValue (D:\\Project\\2 - Restaurant\\node_modules\\@redis\\client\\dist\\lib\\RESP\\decoder.js:104:91)\n    at Decoder.write (D:\\Project\\2 - Restaurant\\node_modules\\@redis\\client\\dist\\lib\\RESP\\decoder.js:74:38)\n    at RedisSocket.<anonymous> (D:\\Project\\2 - Restaurant\\node_modules\\@redis\\client\\dist\\lib\\client\\index.js:461:37)\n    at RedisSocket.emit (node:events:508:28)\n    at Socket.<anonymous> (D:\\Project\\2 - Restaurant\\node_modules\\@redis\\client\\dist\\lib\\client\\socket.js:235:38)\n    at Socket.emit (node:events:508:28)\n    at addChunk (node:internal/streams/readable:563:12)\n    at readableAddChunkPushByteMode (node:internal/streams/readable:514:3)\n    at Readable.push (node:internal/streams/readable:394:5)","timestamp":"2026-03-24 00:53:25"}
{"level":"info","message":"server is listen on port:","timestamp":"2026-03-24 00:53:28"}
{"level":"info","message":"Redis Connected Successfully","timestamp":"2026-03-24 00:53:29"}
{"level":"info","message":"DataBase Connected Successfully","timestamp":"2026-03-24 00:53:30"}
{"level":"info","message":"server is listen on port:","timestamp":"2026-03-24 00:54:01"}
{"level":"info","message":"Redis Connected Successfully","timestamp":"2026-03-24 00:54:01"}
{"level":"info","message":"DataBase Connected Successfully","timestamp":"2026-03-24 00:54:03"}
{"level":"info","message":"server is listen on port:","timestamp":"2026-03-24 00:54:08"}
{"level":"info","message":"Redis Connected Successfully","timestamp":"2026-03-24 00:54:08"}
{"level":"error","message":"Redis Client Error: WRONGPASS invalid username-password pair","stack":"Error: WRONGPASS invalid username-password pair\n    at #decodeSimpleError (D:\\Project\\2 - Restaurant\\node_modules\\@redis\\client\\dist\\lib\\RESP\\decoder.js:457:13)\n    at #decodeTypeValue (D:\\Project\\2 - Restaurant\\node_modules\\@redis\\client\\dist\\lib\\RESP\\decoder.js:104:91)\n    at Decoder.write (D:\\Project\\2 - Restaurant\\node_modules\\@redis\\client\\dist\\lib\\RESP\\decoder.js:74:38)\n    at RedisSocket.<anonymous> (D:\\Project\\2 - Restaurant\\node_modules\\@redis\\client\\dist\\lib\\client\\index.js:461:37)\n    at RedisSocket.emit (node:events:508:28)\n    at Socket.<anonymous> (D:\\Project\\2 - Restaurant\\node_modules\\@redis\\client\\dist\\lib\\client\\socket.js:235:38)\n    at Socket.emit (node:events:508:28)\n    at addChunk (node:internal/streams/readable:563:12)\n    at readableAddChunkPushByteMode (node:internal/streams/readable:514:3)\n    at Readable.push (node:internal/streams/readable:394:5)","timestamp":"2026-03-24 00:54:08"}
{"level":"info","message":"Redis Connected Successfully","timestamp":"2026-03-24 00:54:08"}
{"level":"error","message":"Redis Client Error: WRONGPASS invalid username-password pair","stack":"Error: WRONGPASS invalid username-password pair\n    at #decodeSimpleError (D:\\Project\\2 - Restaurant\\node_modules\\@redis\\client\\dist\\lib\\RESP\\decoder.js:457:13)\n    at #decodeTypeValue (D:\\Project\\2 - Restaurant\\node_modules\\@redis\\client\\dist\\lib\\RESP\\decoder.js:104:91)\n    at Decoder.write (D:\\Project\\2 - Restaurant\\node_modules\\@redis\\client\\dist\\lib\\RESP\\decoder.js:74:38)\n    at RedisSocket.<anonymous> (D:\\Project\\2 - Restaurant\\node_modules\\@redis\\client\\dist\\lib\\client\\index.js:461:37)\n    at RedisSocket.emit (node:events:508:28)\n    at Socket.<anonymous> (D:\\Project\\2 - Restaurant\\node_modules\\@redis\\client\\dist\\lib\\client\\socket.js:235:38)\n    at Socket.emit (node:events:508:28)\n    at addChunk (node:internal/streams/readable:563:12)\n    at readableAddChunkPushByteMode (node:internal/streams/readable:514:3)\n    at Readable.push (node:internal/streams/readable:394:5)","timestamp":"2026-03-24 00:54:09"}
{"level":"info","message":"Redis Connected Successfully","timestamp":"2026-03-24 00:54:09"}
{"level":"error","message":"Redis Client Error: WRONGPASS invalid username-password pair","stack":"Error: WRONGPASS invalid username-password pair\n    at #decodeSimpleError (D:\\Project\\2 - Restaurant\\node_modules\\@redis\\client\\dist\\lib\\RESP\\decoder.js:457:13)\n    at #decodeTypeValue (D:\\Project\\2 - Restaurant\\node_modules\\@redis\\client\\dist\\lib\\RESP\\decoder.js:104:91)\n    at Decoder.write (D:\\Project\\2 - Restaurant\\node_modules\\@redis\\client\\dist\\lib\\RESP\\decoder.js:74:38)\n    at RedisSocket.<anonymous> (D:\\Project\\2 - Restaurant\\node_modules\\@redis\\client\\dist\\lib\\client\\index.js:461:37)\n    at RedisSocket.emit (node:events:508:28)\n    at Socket.<anonymous> (D:\\Project\\2 - Restaurant\\node_modules\\@redis\\client\\dist\\lib\\client\\socket.js:235:38)\n    at Socket.emit (node:events:508:28)\n    at addChunk (node:internal/streams/readable:563:12)\n    at readableAddChunkPushByteMode (node:internal/streams/readable:514:3)\n    at Readable.push (node:internal/streams/readable:394:5)","timestamp":"2026-03-24 00:54:09"}
{"level":"info","message":"DataBase Connected Successfully","timestamp":"2026-03-24 00:54:09"}
{"level":"info","message":"Redis Connected Successfully","timestamp":"2026-03-24 00:54:10"}
{"level":"error","message":"Redis Client Error: WRONGPASS invalid username-password pair","stack":"Error: WRONGPASS invalid username-password pair\n    at #decodeSimpleError (D:\\Project\\2 - Restaurant\\node_modules\\@redis\\client\\dist\\lib\\RESP\\decoder.js:457:13)\n    at #decodeTypeValue (D:\\Project\\2 - Restaurant\\node_modules\\@redis\\client\\dist\\lib\\RESP\\decoder.js:104:91)\n    at Decoder.write (D:\\Project\\2 - Restaurant\\node_modules\\@redis\\client\\dist\\lib\\RESP\\decoder.js:74:38)\n    at RedisSocket.<anonymous> (D:\\Project\\2 - Restaurant\\node_modules\\@redis\\client\\dist\\lib\\client\\index.js:461:37)\n    at RedisSocket.emit (node:events:508:28)\n    at Socket.<anonymous> (D:\\Project\\2 - Restaurant\\node_modules\\@redis\\client\\dist\\lib\\client\\socket.js:235:38)\n    at Socket.emit (node:events:508:28)\n    at addChunk (node:internal/streams/readable:563:12)\n    at readableAddChunkPushByteMode (node:internal/streams/readable:514:3)\n    at Readable.push (node:internal/streams/readable:394:5)","timestamp":"2026-03-24 00:54:10"}
{"level":"info","message":"Redis Connected Successfully","timestamp":"2026-03-24 00:54:11"}
{"level":"error","message":"Redis Client Error: WRONGPASS invalid username-password pair","stack":"Error: WRONGPASS invalid username-password pair\n    at #decodeSimpleError (D:\\Project\\2 - Restaurant\\node_modules\\@redis\\client\\dist\\lib\\RESP\\decoder.js:457:13)\n    at #decodeTypeValue (D:\\Project\\2 - Restaurant\\node_modules\\@redis\\client\\dist\\lib\\RESP\\decoder.js:104:91)\n    at Decoder.write (D:\\Project\\2 - Restaurant\\node_modules\\@redis\\client\\dist\\lib\\RESP\\decoder.js:74:38)\n    at RedisSocket.<anonymous> (D:\\Project\\2 - Restaurant\\node_modules\\@redis\\client\\dist\\lib\\client\\index.js:461:37)\n    at RedisSocket.emit (node:events:508:28)\n    at Socket.<anonymous> (D:\\Project\\2 - Restaurant\\node_modules\\@redis\\client\\dist\\lib\\client\\socket.js:235:38)\n    at Socket.emit (node:events:508:28)\n    at addChunk (node:internal/streams/readable:563:12)\n    at readableAddChunkPushByteMode (node:internal/streams/readable:514:3)\n    at Readable.push (node:internal/streams/readable:394:5)","timestamp":"2026-03-24 00:54:11"}
{"level":"info","message":"Redis Connected Successfully","timestamp":"2026-03-24 00:54:12"}
{"level":"error","message":"Redis Client Error: WRONGPASS invalid username-password pair","stack":"Error: WRONGPASS invalid username-password pair\n    at #decodeSimpleError (D:\\Project\\2 - Restaurant\\node_modules\\@redis\\client\\dist\\lib\\RESP\\decoder.js:457:13)\n    at #decodeTypeValue (D:\\Project\\2 - Restaurant\\node_modules\\@redis\\client\\dist\\lib\\RESP\\decoder.js:104:91)\n    at Decoder.write (D:\\Project\\2 - Restaurant\\node_modules\\@redis\\client\\dist\\lib\\RESP\\decoder.js:74:38)\n    at RedisSocket.<anonymous> (D:\\Project\\2 - Restaurant\\node_modules\\@redis\\client\\dist\\lib\\client\\index.js:461:37)\n    at RedisSocket.emit (node:events:508:28)\n    at Socket.<anonymous> (D:\\Project\\2 - Restaurant\\node_modules\\@redis\\client\\dist\\lib\\client\\socket.js:235:38)\n    at Socket.emit (node:events:508:28)\n    at addChunk (node:internal/streams/readable:563:12)\n    at readableAddChunkPushByteMode (node:internal/streams/readable:514:3)\n    at Readable.push (node:internal/streams/readable:394:5)","timestamp":"2026-03-24 00:54:12"}
{"level":"info","message":"server is listen on port:","timestamp":"2026-03-24 00:54:14"}
{"level":"info","message":"Redis Connected Successfully","timestamp":"2026-03-24 00:54:14"}
{"level":"info","message":"DataBase Connected Successfully","timestamp":"2026-03-24 00:54:15"}
{"level":"info","message":"server is listen on port:","timestamp":"2026-03-24 00:54:56"}
{"level":"info","message":"Redis Connected Successfully","timestamp":"2026-03-24 00:54:56"}
{"level":"info","message":"server is listen on port:","timestamp":"2026-03-24 00:54:59"}
{"level":"info","message":"Redis Connected Successfully","timestamp":"2026-03-24 00:54:59"}
{"level":"info","message":"DataBase Connected Successfully","timestamp":"2026-03-24 00:55:00"}
{"level":"info","message":"server is listen on port:","timestamp":"2026-03-24 00:55:03"}
{"level":"info","message":"Redis Connected Successfully","timestamp":"2026-03-24 00:55:04"}
{"level":"info","message":"DataBase Connected Successfully","timestamp":"2026-03-24 00:55:05"}
{"level":"info","message":"server is listen on port:","timestamp":"2026-03-24 00:55:18"}
{"level":"info","message":"Redis Connected Successfully","timestamp":"2026-03-24 00:55:18"}
{"level":"error","message":"Redis Client Error: WRONGPASS invalid username-password pair","stack":"Error: WRONGPASS invalid username-password pair\n    at #decodeSimpleError (D:\\Project\\2 - Restaurant\\node_modules\\@redis\\client\\dist\\lib\\RESP\\decoder.js:457:13)\n    at #decodeTypeValue (D:\\Project\\2 - Restaurant\\node_modules\\@redis\\client\\dist\\lib\\RESP\\decoder.js:104:91)\n    at Decoder.write (D:\\Project\\2 - Restaurant\\node_modules\\@redis\\client\\dist\\lib\\RESP\\decoder.js:74:38)\n    at RedisSocket.<anonymous> (D:\\Project\\2 - Restaurant\\node_modules\\@redis\\client\\dist\\lib\\client\\index.js:461:37)\n    at RedisSocket.emit (node:events:508:28)\n    at Socket.<anonymous> (D:\\Project\\2 - Restaurant\\node_modules\\@redis\\client\\dist\\lib\\client\\socket.js:235:38)\n    at Socket.emit (node:events:508:28)\n    at addChunk (node:internal/streams/readable:563:12)\n    at readableAddChunkPushByteMode (node:internal/streams/readable:514:3)\n    at Readable.push (node:internal/streams/readable:394:5)","timestamp":"2026-03-24 00:55:18"}
{"level":"info","message":"Redis Connected Successfully","timestamp":"2026-03-24 00:55:18"}
{"level":"error","message":"Redis Client Error: WRONGPASS invalid username-password pair","stack":"Error: WRONGPASS invalid username-password pair\n    at #decodeSimpleError (D:\\Project\\2 - Restaurant\\node_modules\\@redis\\client\\dist\\lib\\RESP\\decoder.js:457:13)\n    at #decodeTypeValue (D:\\Project\\2 - Restaurant\\node_modules\\@redis\\client\\dist\\lib\\RESP\\decoder.js:104:91)\n    at Decoder.write (D:\\Project\\2 - Restaurant\\node_modules\\@redis\\client\\dist\\lib\\RESP\\decoder.js:74:38)\n    at RedisSocket.<anonymous> (D:\\Project\\2 - Restaurant\\node_modules\\@redis\\client\\dist\\lib\\client\\index.js:461:37)\n    at RedisSocket.emit (node:events:508:28)\n    at Socket.<anonymous> (D:\\Project\\2 - Restaurant\\node_modules\\@redis\\client\\dist\\lib\\client\\socket.js:235:38)\n    at Socket.emit (node:events:508:28)\n    at addChunk (node:internal/streams/readable:563:12)\n    at readableAddChunkPushByteMode (node:internal/streams/readable:514:3)\n    at Readable.push (node:internal/streams/readable:394:5)","timestamp":"2026-03-24 00:55:19"}
{"level":"info","message":"Redis Connected Successfully","timestamp":"2026-03-24 00:55:19"}
{"level":"error","message":"Redis Client Error: WRONGPASS invalid username-password pair","stack":"Error: WRONGPASS invalid username-password pair\n    at #decodeSimpleError (D:\\Project\\2 - Restaurant\\node_modules\\@redis\\client\\dist\\lib\\RESP\\decoder.js:457:13)\n    at #decodeTypeValue (D:\\Project\\2 - Restaurant\\node_modules\\@redis\\client\\dist\\lib\\RESP\\decoder.js:104:91)\n    at Decoder.write (D:\\Project\\2 - Restaurant\\node_modules\\@redis\\client\\dist\\lib\\RESP\\decoder.js:74:38)\n    at RedisSocket.<anonymous> (D:\\Project\\2 - Restaurant\\node_modules\\@redis\\client\\dist\\lib\\client\\index.js:461:37)\n    at RedisSocket.emit (node:events:508:28)\n    at Socket.<anonymous> (D:\\Project\\2 - Restaurant\\node_modules\\@redis\\client\\dist\\lib\\client\\socket.js:235:38)\n    at Socket.emit (node:events:508:28)\n    at addChunk (node:internal/streams/readable:563:12)\n    at readableAddChunkPushByteMode (node:internal/streams/readable:514:3)\n    at Readable.push (node:internal/streams/readable:394:5)","timestamp":"2026-03-24 00:55:19"}
{"level":"info","message":"DataBase Connected Successfully","timestamp":"2026-03-24 00:55:19"}
{"level":"info","message":"Redis Connected Successfully","timestamp":"2026-03-24 00:55:20"}
{"level":"error","message":"Redis Client Error: WRONGPASS invalid username-password pair","stack":"Error: WRONGPASS invalid username-password pair\n    at #decodeSimpleError (D:\\Project\\2 - Restaurant\\node_modules\\@redis\\client\\dist\\lib\\RESP\\decoder.js:457:13)\n    at #decodeTypeValue (D:\\Project\\2 - Restaurant\\node_modules\\@redis\\client\\dist\\lib\\RESP\\decoder.js:104:91)\n    at Decoder.write (D:\\Project\\2 - Restaurant\\node_modules\\@redis\\client\\dist\\lib\\RESP\\decoder.js:74:38)\n    at RedisSocket.<anonymous> (D:\\Project\\2 - Restaurant\\node_modules\\@redis\\client\\dist\\lib\\client\\index.js:461:37)\n    at RedisSocket.emit (node:events:508:28)\n    at Socket.<anonymous> (D:\\Project\\2 - Restaurant\\node_modules\\@redis\\client\\dist\\lib\\client\\socket.js:235:38)\n    at Socket.emit (node:events:508:28)\n    at addChunk (node:internal/streams/readable:563:12)\n    at readableAddChunkPushByteMode (node:internal/streams/readable:514:3)\n    at Readable.push (node:internal/streams/readable:394:5)","timestamp":"2026-03-24 00:55:20"}
{"level":"info","message":"Redis Connected Successfully","timestamp":"2026-03-24 00:55:20"}
{"level":"error","message":"Redis Client Error: WRONGPASS invalid username-password pair","stack":"Error: WRONGPASS invalid username-password pair\n    at #decodeSimpleError (D:\\Project\\2 - Restaurant\\node_modules\\@redis\\client\\dist\\lib\\RESP\\decoder.js:457:13)\n    at #decodeTypeValue (D:\\Project\\2 - Restaurant\\node_modules\\@redis\\client\\dist\\lib\\RESP\\decoder.js:104:91)\n    at Decoder.write (D:\\Project\\2 - Restaurant\\node_modules\\@redis\\client\\dist\\lib\\RESP\\decoder.js:74:38)\n    at RedisSocket.<anonymous> (D:\\Project\\2 - Restaurant\\node_modules\\@redis\\client\\dist\\lib\\client\\index.js:461:37)\n    at RedisSocket.emit (node:events:508:28)\n    at Socket.<anonymous> (D:\\Project\\2 - Restaurant\\node_modules\\@redis\\client\\dist\\lib\\client\\socket.js:235:38)\n    at Socket.emit (node:events:508:28)\n    at addChunk (node:internal/streams/readable:563:12)\n    at readableAddChunkPushByteMode (node:internal/streams/readable:514:3)\n    at Readable.push (node:internal/streams/readable:394:5)","timestamp":"2026-03-24 00:55:20"}
{"level":"info","message":"Redis Connected Successfully","timestamp":"2026-03-24 00:55:22"}
{"level":"error","message":"Redis Client Error: WRONGPASS invalid username-password pair","stack":"Error: WRONGPASS invalid username-password pair\n    at #decodeSimpleError (D:\\Project\\2 - Restaurant\\node_modules\\@redis\\client\\dist\\lib\\RESP\\decoder.js:457:13)\n    at #decodeTypeValue (D:\\Project\\2 - Restaurant\\node_modules\\@redis\\client\\dist\\lib\\RESP\\decoder.js:104:91)\n    at Decoder.write (D:\\Project\\2 - Restaurant\\node_modules\\@redis\\client\\dist\\lib\\RESP\\decoder.js:74:38)\n    at RedisSocket.<anonymous> (D:\\Project\\2 - Restaurant\\node_modules\\@redis\\client\\dist\\lib\\client\\index.js:461:37)\n    at RedisSocket.emit (node:events:508:28)\n    at Socket.<anonymous> (D:\\Project\\2 - Restaurant\\node_modules\\@redis\\client\\dist\\lib\\client\\socket.js:235:38)\n    at Socket.emit (node:events:508:28)\n    at addChunk (node:internal/streams/readable:563:12)\n    at readableAddChunkPushByteMode (node:internal/streams/readable:514:3)\n    at Readable.push (node:internal/streams/readable:394:5)","timestamp":"2026-03-24 00:55:22"}
{"level":"info","message":"server is listen on port:","timestamp":"2026-03-24 00:55:26"}
{"level":"info","message":"Redis Connected Successfully","timestamp":"2026-03-24 00:55:26"}
{"level":"info","message":"DataBase Connected Successfully","timestamp":"2026-03-24 00:55:27"}
{"level":"info","message":"server is listen on port:","timestamp":"2026-03-24 00:55:30"}
{"level":"info","message":"Redis Connected Successfully","timestamp":"2026-03-24 00:55:30"}
{"level":"error","message":"Redis Client Error: WRONGPASS invalid username-password pair","stack":"Error: WRONGPASS invalid username-password pair\n    at #decodeSimpleError (D:\\Project\\2 - Restaurant\\node_modules\\@redis\\client\\dist\\lib\\RESP\\decoder.js:457:13)\n    at #decodeTypeValue (D:\\Project\\2 - Restaurant\\node_modules\\@redis\\client\\dist\\lib\\RESP\\decoder.js:104:91)\n    at Decoder.write (D:\\Project\\2 - Restaurant\\node_modules\\@redis\\client\\dist\\lib\\RESP\\decoder.js:74:38)\n    at RedisSocket.<anonymous> (D:\\Project\\2 - Restaurant\\node_modules\\@redis\\client\\dist\\lib\\client\\index.js:461:37)\n    at RedisSocket.emit (node:events:508:28)\n    at Socket.<anonymous> (D:\\Project\\2 - Restaurant\\node_modules\\@redis\\client\\dist\\lib\\client\\socket.js:235:38)\n    at Socket.emit (node:events:508:28)\n    at addChunk (node:internal/streams/readable:563:12)\n    at readableAddChunkPushByteMode (node:internal/streams/readable:514:3)\n    at Readable.push (node:internal/streams/readable:394:5)","timestamp":"2026-03-24 00:55:30"}
{"level":"info","message":"Redis Connected Successfully","timestamp":"2026-03-24 00:55:30"}
{"level":"error","message":"Redis Client Error: WRONGPASS invalid username-password pair","stack":"Error: WRONGPASS invalid username-password pair\n    at #decodeSimpleError (D:\\Project\\2 - Restaurant\\node_modules\\@redis\\client\\dist\\lib\\RESP\\decoder.js:457:13)\n    at #decodeTypeValue (D:\\Project\\2 - Restaurant\\node_modules\\@redis\\client\\dist\\lib\\RESP\\decoder.js:104:91)\n    at Decoder.write (D:\\Project\\2 - Restaurant\\node_modules\\@redis\\client\\dist\\lib\\RESP\\decoder.js:74:38)\n    at RedisSocket.<anonymous> (D:\\Project\\2 - Restaurant\\node_modules\\@redis\\client\\dist\\lib\\client\\index.js:461:37)\n    at RedisSocket.emit (node:events:508:28)\n    at Socket.<anonymous> (D:\\Project\\2 - Restaurant\\node_modules\\@redis\\client\\dist\\lib\\client\\socket.js:235:38)\n    at Socket.emit (node:events:508:28)\n    at addChunk (node:internal/streams/readable:563:12)\n    at readableAddChunkPushByteMode (node:internal/streams/readable:514:3)\n    at Readable.push (node:internal/streams/readable:394:5)","timestamp":"2026-03-24 00:55:30"}
{"level":"info","message":"Redis Connected Successfully","timestamp":"2026-03-24 00:55:31"}
{"level":"error","message":"Redis Client Error: WRONGPASS invalid username-password pair","stack":"Error: WRONGPASS invalid username-password pair\n    at #decodeSimpleError (D:\\Project\\2 - Restaurant\\node_modules\\@redis\\client\\dist\\lib\\RESP\\decoder.js:457:13)\n    at #decodeTypeValue (D:\\Project\\2 - Restaurant\\node_modules\\@redis\\client\\dist\\lib\\RESP\\decoder.js:104:91)\n    at Decoder.write (D:\\Project\\2 - Restaurant\\node_modules\\@redis\\client\\dist\\lib\\RESP\\decoder.js:74:38)\n    at RedisSocket.<anonymous> (D:\\Project\\2 - Restaurant\\node_modules\\@redis\\client\\dist\\lib\\client\\index.js:461:37)\n    at RedisSocket.emit (node:events:508:28)\n    at Socket.<anonymous> (D:\\Project\\2 - Restaurant\\node_modules\\@redis\\client\\dist\\lib\\client\\socket.js:235:38)\n    at Socket.emit (node:events:508:28)\n    at addChunk (node:internal/streams/readable:563:12)\n    at readableAddChunkPushByteMode (node:internal/streams/readable:514:3)\n    at Readable.push (node:internal/streams/readable:394:5)","timestamp":"2026-03-24 00:55:31"}
{"level":"info","message":"DataBase Connected Successfully","timestamp":"2026-03-24 00:55:31"}
{"level":"info","message":"Redis Connected Successfully","timestamp":"2026-03-24 00:55:31"}
{"level":"error","message":"Redis Client Error: WRONGPASS invalid username-password pair","stack":"Error: WRONGPASS invalid username-password pair\n    at #decodeSimpleError (D:\\Project\\2 - Restaurant\\node_modules\\@redis\\client\\dist\\lib\\RESP\\decoder.js:457:13)\n    at #decodeTypeValue (D:\\Project\\2 - Restaurant\\node_modules\\@redis\\client\\dist\\lib\\RESP\\decoder.js:104:91)\n    at Decoder.write (D:\\Project\\2 - Restaurant\\node_modules\\@redis\\client\\dist\\lib\\RESP\\decoder.js:74:38)\n    at RedisSocket.<anonymous> (D:\\Project\\2 - Restaurant\\node_modules\\@redis\\client\\dist\\lib\\client\\index.js:461:37)\n    at RedisSocket.emit (node:events:508:28)\n    at Socket.<anonymous> (D:\\Project\\2 - Restaurant\\node_modules\\@redis\\client\\dist\\lib\\client\\socket.js:235:38)\n    at Socket.emit (node:events:508:28)\n    at addChunk (node:internal/streams/readable:563:12)\n    at readableAddChunkPushByteMode (node:internal/streams/readable:514:3)\n    at Readable.push (node:internal/streams/readable:394:5)","timestamp":"2026-03-24 00:55:32"}
{"level":"info","message":"Redis Connected Successfully","timestamp":"2026-03-24 00:55:32"}
{"level":"error","message":"Redis Client Error: WRONGPASS invalid username-password pair","stack":"Error: WRONGPASS invalid username-password pair\n    at #decodeSimpleError (D:\\Project\\2 - Restaurant\\node_modules\\@redis\\client\\dist\\lib\\RESP\\decoder.js:457:13)\n    at #decodeTypeValue (D:\\Project\\2 - Restaurant\\node_modules\\@redis\\client\\dist\\lib\\RESP\\decoder.js:104:91)\n    at Decoder.write (D:\\Project\\2 - Restaurant\\node_modules\\@redis\\client\\dist\\lib\\RESP\\decoder.js:74:38)\n    at RedisSocket.<anonymous> (D:\\Project\\2 - Restaurant\\node_modules\\@redis\\client\\dist\\lib\\client\\index.js:461:37)\n    at RedisSocket.emit (node:events:508:28)\n    at Socket.<anonymous> (D:\\Project\\2 - Restaurant\\node_modules\\@redis\\client\\dist\\lib\\client\\socket.js:235:38)\n    at Socket.emit (node:events:508:28)\n    at addChunk (node:internal/streams/readable:563:12)\n    at readableAddChunkPushByteMode (node:internal/streams/readable:514:3)\n    at Readable.push (node:internal/streams/readable:394:5)","timestamp":"2026-03-24 00:55:32"}
{"level":"info","message":"Redis Connected Successfully","timestamp":"2026-03-24 00:55:34"}
{"level":"error","message":"Redis Client Error: WRONGPASS invalid username-password pair","stack":"Error: WRONGPASS invalid username-password pair\n    at #decodeSimpleError (D:\\Project\\2 - Restaurant\\node_modules\\@redis\\client\\dist\\lib\\RESP\\decoder.js:457:13)\n    at #decodeTypeValue (D:\\Project\\2 - Restaurant\\node_modules\\@redis\\client\\dist\\lib\\RESP\\decoder.js:104:91)\n    at Decoder.write (D:\\Project\\2 - Restaurant\\node_modules\\@redis\\client\\dist\\lib\\RESP\\decoder.js:74:38)\n    at RedisSocket.<anonymous> (D:\\Project\\2 - Restaurant\\node_modules\\@redis\\client\\dist\\lib\\client\\index.js:461:37)\n    at RedisSocket.emit (node:events:508:28)\n    at Socket.<anonymous> (D:\\Project\\2 - Restaurant\\node_modules\\@redis\\client\\dist\\lib\\client\\socket.js:235:38)\n    at Socket.emit (node:events:508:28)\n    at addChunk (node:internal/streams/readable:563:12)\n    at readableAddChunkPushByteMode (node:internal/streams/readable:514:3)\n    at Readable.push (node:internal/streams/readable:394:5)","timestamp":"2026-03-24 00:55:34"}
{"level":"info","message":"Redis Connected Successfully","timestamp":"2026-03-24 00:55:36"}
{"level":"error","message":"Redis Client Error: WRONGPASS invalid username-password pair","stack":"Error: WRONGPASS invalid username-password pair\n    at #decodeSimpleError (D:\\Project\\2 - Restaurant\\node_modules\\@redis\\client\\dist\\lib\\RESP\\decoder.js:457:13)\n    at #decodeTypeValue (D:\\Project\\2 - Restaurant\\node_modules\\@redis\\client\\dist\\lib\\RESP\\decoder.js:104:91)\n    at Decoder.write (D:\\Project\\2 - Restaurant\\node_modules\\@redis\\client\\dist\\lib\\RESP\\decoder.js:74:38)\n    at RedisSocket.<anonymous> (D:\\Project\\2 - Restaurant\\node_modules\\@redis\\client\\dist\\lib\\client\\index.js:461:37)\n    at RedisSocket.emit (node:events:508:28)\n    at Socket.<anonymous> (D:\\Project\\2 - Restaurant\\node_modules\\@redis\\client\\dist\\lib\\client\\socket.js:235:38)\n    at Socket.emit (node:events:508:28)\n    at addChunk (node:internal/streams/readable:563:12)\n    at readableAddChunkPushByteMode (node:internal/streams/readable:514:3)\n    at Readable.push (node:internal/streams/readable:394:5)","timestamp":"2026-03-24 00:55:36"}
{"level":"info","message":"Redis Connected Successfully","timestamp":"2026-03-24 00:55:38"}
{"level":"error","message":"Redis Client Error: WRONGPASS invalid username-password pair","stack":"Error: WRONGPASS invalid username-password pair\n    at #decodeSimpleError (D:\\Project\\2 - Restaurant\\node_modules\\@redis\\client\\dist\\lib\\RESP\\decoder.js:457:13)\n    at #decodeTypeValue (D:\\Project\\2 - Restaurant\\node_modules\\@redis\\client\\dist\\lib\\RESP\\decoder.js:104:91)\n    at Decoder.write (D:\\Project\\2 - Restaurant\\node_modules\\@redis\\client\\dist\\lib\\RESP\\decoder.js:74:38)\n    at RedisSocket.<anonymous> (D:\\Project\\2 - Restaurant\\node_modules\\@redis\\client\\dist\\lib\\client\\index.js:461:37)\n    at RedisSocket.emit (node:events:508:28)\n    at Socket.<anonymous> (D:\\Project\\2 - Restaurant\\node_modules\\@redis\\client\\dist\\lib\\client\\socket.js:235:38)\n    at Socket.emit (node:events:508:28)\n    at addChunk (node:internal/streams/readable:563:12)\n    at readableAddChunkPushByteMode (node:internal/streams/readable:514:3)\n    at Readable.push (node:internal/streams/readable:394:5)","timestamp":"2026-03-24 00:55:38"}
{"level":"info","message":"Redis Connected Successfully","timestamp":"2026-03-24 00:55:41"}
{"level":"error","message":"Redis Client Error: WRONGPASS invalid username-password pair","stack":"Error: WRONGPASS invalid username-password pair\n    at #decodeSimpleError (D:\\Project\\2 - Restaurant\\node_modules\\@redis\\client\\dist\\lib\\RESP\\decoder.js:457:13)\n    at #decodeTypeValue (D:\\Project\\2 - Restaurant\\node_modules\\@redis\\client\\dist\\lib\\RESP\\decoder.js:104:91)\n    at Decoder.write (D:\\Project\\2 - Restaurant\\node_modules\\@redis\\client\\dist\\lib\\RESP\\decoder.js:74:38)\n    at RedisSocket.<anonymous> (D:\\Project\\2 - Restaurant\\node_modules\\@redis\\client\\dist\\lib\\client\\index.js:461:37)\n    at RedisSocket.emit (node:events:508:28)\n    at Socket.<anonymous> (D:\\Project\\2 - Restaurant\\node_modules\\@redis\\client\\dist\\lib\\client\\socket.js:235:38)\n    at Socket.emit (node:events:508:28)\n    at addChunk (node:internal/streams/readable:563:12)\n    at readableAddChunkPushByteMode (node:internal/streams/readable:514:3)\n    at Readable.push (node:internal/streams/readable:394:5)","timestamp":"2026-03-24 00:55:41"}
{"level":"info","message":"Redis Connected Successfully","timestamp":"2026-03-24 00:55:43"}
{"level":"error","message":"Redis Client Error: WRONGPASS invalid username-password pair","stack":"Error: WRONGPASS invalid username-password pair\n    at #decodeSimpleError (D:\\Project\\2 - Restaurant\\node_modules\\@redis\\client\\dist\\lib\\RESP\\decoder.js:457:13)\n    at #decodeTypeValue (D:\\Project\\2 - Restaurant\\node_modules\\@redis\\client\\dist\\lib\\RESP\\decoder.js:104:91)\n    at Decoder.write (D:\\Project\\2 - Restaurant\\node_modules\\@redis\\client\\dist\\lib\\RESP\\decoder.js:74:38)\n    at RedisSocket.<anonymous> (D:\\Project\\2 - Restaurant\\node_modules\\@redis\\client\\dist\\lib\\client\\index.js:461:37)\n    at RedisSocket.emit (node:events:508:28)\n    at Socket.<anonymous> (D:\\Project\\2 - Restaurant\\node_modules\\@redis\\client\\dist\\lib\\client\\socket.js:235:38)\n    at Socket.emit (node:events:508:28)\n    at addChunk (node:internal/streams/readable:563:12)\n    at readableAddChunkPushByteMode (node:internal/streams/readable:514:3)\n    at Readable.push (node:internal/streams/readable:394:5)","timestamp":"2026-03-24 00:55:43"}
{"level":"info","message":"Redis Connected Successfully","timestamp":"2026-03-24 00:55:46"}
{"level":"error","message":"Redis Client Error: WRONGPASS invalid username-password pair","stack":"Error: WRONGPASS invalid username-password pair\n    at #decodeSimpleError (D:\\Project\\2 - Restaurant\\node_modules\\@redis\\client\\dist\\lib\\RESP\\decoder.js:457:13)\n    at #decodeTypeValue (D:\\Project\\2 - Restaurant\\node_modules\\@redis\\client\\dist\\lib\\RESP\\decoder.js:104:91)\n    at Decoder.write (D:\\Project\\2 - Restaurant\\node_modules\\@redis\\client\\dist\\lib\\RESP\\decoder.js:74:38)\n    at RedisSocket.<anonymous> (D:\\Project\\2 - Restaurant\\node_modules\\@redis\\client\\dist\\lib\\client\\index.js:461:37)\n    at RedisSocket.emit (node:events:508:28)\n    at Socket.<anonymous> (D:\\Project\\2 - Restaurant\\node_modules\\@redis\\client\\dist\\lib\\client\\socket.js:235:38)\n    at Socket.emit (node:events:508:28)\n    at addChunk (node:internal/streams/readable:563:12)\n    at readableAddChunkPushByteMode (node:internal/streams/readable:514:3)\n    at Readable.push (node:internal/streams/readable:394:5)","timestamp":"2026-03-24 00:55:46"}
{"level":"info","message":"server is listen on port:","timestamp":"2026-03-24 00:55:48"}
{"level":"info","message":"Redis Connected Successfully","timestamp":"2026-03-24 00:55:48"}
{"level":"info","message":"DataBase Connected Successfully","timestamp":"2026-03-24 00:55:50"}
{"level":"info","message":"server is listen on port:","timestamp":"2026-03-24 00:56:02"}
{"level":"info","message":"Redis Connected Successfully","timestamp":"2026-03-24 00:56:02"}
{"level":"info","message":"DataBase Connected Successfully","timestamp":"2026-03-24 00:56:04"}
{"level":"info","message":"server is listen on port:","timestamp":"2026-03-24 00:57:45"}
{"level":"info","message":"Redis Connected Successfully","timestamp":"2026-03-24 00:57:45"}
{"level":"info","message":"DataBase Connected Successfully","timestamp":"2026-03-24 00:57:47"}
{"level":"info","message":"server is listen on port:","timestamp":"2026-03-24 00:57:51"}
{"level":"info","message":"Redis Connected Successfully","timestamp":"2026-03-24 00:57:51"}
{"level":"error","message":"Redis Client Error: WRONGPASS invalid username-password pair","stack":"Error: WRONGPASS invalid username-password pair\n    at #decodeSimpleError (D:\\Project\\2 - Restaurant\\node_modules\\@redis\\client\\dist\\lib\\RESP\\decoder.js:457:13)\n    at #decodeTypeValue (D:\\Project\\2 - Restaurant\\node_modules\\@redis\\client\\dist\\lib\\RESP\\decoder.js:104:91)\n    at Decoder.write (D:\\Project\\2 - Restaurant\\node_modules\\@redis\\client\\dist\\lib\\RESP\\decoder.js:74:38)\n    at RedisSocket.<anonymous> (D:\\Project\\2 - Restaurant\\node_modules\\@redis\\client\\dist\\lib\\client\\index.js:461:37)\n    at RedisSocket.emit (node:events:508:28)\n    at Socket.<anonymous> (D:\\Project\\2 - Restaurant\\node_modules\\@redis\\client\\dist\\lib\\client\\socket.js:235:38)\n    at Socket.emit (node:events:508:28)\n    at addChunk (node:internal/streams/readable:563:12)\n    at readableAddChunkPushByteMode (node:internal/streams/readable:514:3)\n    at Readable.push (node:internal/streams/readable:394:5)","timestamp":"2026-03-24 00:57:51"}
{"level":"info","message":"Redis Connected Successfully","timestamp":"2026-03-24 00:57:51"}
{"level":"error","message":"Redis Client Error: WRONGPASS invalid username-password pair","stack":"Error: WRONGPASS invalid username-password pair\n    at #decodeSimpleError (D:\\Project\\2 - Restaurant\\node_modules\\@redis\\client\\dist\\lib\\RESP\\decoder.js:457:13)\n    at #decodeTypeValue (D:\\Project\\2 - Restaurant\\node_modules\\@redis\\client\\dist\\lib\\RESP\\decoder.js:104:91)\n    at Decoder.write (D:\\Project\\2 - Restaurant\\node_modules\\@redis\\client\\dist\\lib\\RESP\\decoder.js:74:38)\n    at RedisSocket.<anonymous> (D:\\Project\\2 - Restaurant\\node_modules\\@redis\\client\\dist\\lib\\client\\index.js:461:37)\n    at RedisSocket.emit (node:events:508:28)\n    at Socket.<anonymous> (D:\\Project\\2 - Restaurant\\node_modules\\@redis\\client\\dist\\lib\\client\\socket.js:235:38)\n    at Socket.emit (node:events:508:28)\n    at addChunk (node:internal/streams/readable:563:12)\n    at readableAddChunkPushByteMode (node:internal/streams/readable:514:3)\n    at Readable.push (node:internal/streams/readable:394:5)","timestamp":"2026-03-24 00:57:51"}
{"level":"info","message":"Redis Connected Successfully","timestamp":"2026-03-24 00:57:52"}
{"level":"error","message":"Redis Client Error: WRONGPASS invalid username-password pair","stack":"Error: WRONGPASS invalid username-password pair\n    at #decodeSimpleError (D:\\Project\\2 - Restaurant\\node_modules\\@redis\\client\\dist\\lib\\RESP\\decoder.js:457:13)\n    at #decodeTypeValue (D:\\Project\\2 - Restaurant\\node_modules\\@redis\\client\\dist\\lib\\RESP\\decoder.js:104:91)\n    at Decoder.write (D:\\Project\\2 - Restaurant\\node_modules\\@redis\\client\\dist\\lib\\RESP\\decoder.js:74:38)\n    at RedisSocket.<anonymous> (D:\\Project\\2 - Restaurant\\node_modules\\@redis\\client\\dist\\lib\\client\\index.js:461:37)\n    at RedisSocket.emit (node:events:508:28)\n    at Socket.<anonymous> (D:\\Project\\2 - Restaurant\\node_modules\\@redis\\client\\dist\\lib\\client\\socket.js:235:38)\n    at Socket.emit (node:events:508:28)\n    at addChunk (node:internal/streams/readable:563:12)\n    at readableAddChunkPushByteMode (node:internal/streams/readable:514:3)\n    at Readable.push (node:internal/streams/readable:394:5)","timestamp":"2026-03-24 00:57:52"}
{"level":"info","message":"DataBase Connected Successfully","timestamp":"2026-03-24 00:57:52"}
{"level":"info","message":"Redis Connected Successfully","timestamp":"2026-03-24 00:57:53"}
{"level":"error","message":"Redis Client Error: WRONGPASS invalid username-password pair","stack":"Error: WRONGPASS invalid username-password pair\n    at #decodeSimpleError (D:\\Project\\2 - Restaurant\\node_modules\\@redis\\client\\dist\\lib\\RESP\\decoder.js:457:13)\n    at #decodeTypeValue (D:\\Project\\2 - Restaurant\\node_modules\\@redis\\client\\dist\\lib\\RESP\\decoder.js:104:91)\n    at Decoder.write (D:\\Project\\2 - Restaurant\\node_modules\\@redis\\client\\dist\\lib\\RESP\\decoder.js:74:38)\n    at RedisSocket.<anonymous> (D:\\Project\\2 - Restaurant\\node_modules\\@redis\\client\\dist\\lib\\client\\index.js:461:37)\n    at RedisSocket.emit (node:events:508:28)\n    at Socket.<anonymous> (D:\\Project\\2 - Restaurant\\node_modules\\@redis\\client\\dist\\lib\\client\\socket.js:235:38)\n    at Socket.emit (node:events:508:28)\n    at addChunk (node:internal/streams/readable:563:12)\n    at readableAddChunkPushByteMode (node:internal/streams/readable:514:3)\n    at Readable.push (node:internal/streams/readable:394:5)","timestamp":"2026-03-24 00:57:53"}
{"level":"info","message":"Redis Connected Successfully","timestamp":"2026-03-24 00:57:55"}
{"level":"error","message":"Redis max retries reached, stopping...","timestamp":"2026-03-24 00:57:55"}
{"level":"error","message":"Redis Client Error: WRONGPASS invalid username-password pair","stack":"Error: WRONGPASS invalid username-password pair\n    at #decodeSimpleError (D:\\Project\\2 - Restaurant\\node_modules\\@redis\\client\\dist\\lib\\RESP\\decoder.js:457:13)\n    at #decodeTypeValue (D:\\Project\\2 - Restaurant\\node_modules\\@redis\\client\\dist\\lib\\RESP\\decoder.js:104:91)\n    at Decoder.write (D:\\Project\\2 - Restaurant\\node_modules\\@redis\\client\\dist\\lib\\RESP\\decoder.js:74:38)\n    at RedisSocket.<anonymous> (D:\\Project\\2 - Restaurant\\node_modules\\@redis\\client\\dist\\lib\\client\\index.js:461:37)\n    at RedisSocket.emit (node:events:508:28)\n    at Socket.<anonymous> (D:\\Project\\2 - Restaurant\\node_modules\\@redis\\client\\dist\\lib\\client\\socket.js:235:38)\n    at Socket.emit (node:events:508:28)\n    at addChunk (node:internal/streams/readable:563:12)\n    at readableAddChunkPushByteMode (node:internal/streams/readable:514:3)\n    at Readable.push (node:internal/streams/readable:394:5)","timestamp":"2026-03-24 00:57:55"}
{"level":"error","message":"Redis connection failed: WRONGPASS invalid username-password pair","stack":"Error: WRONGPASS invalid username-password pair\n    at #decodeSimpleError (D:\\Project\\2 - Restaurant\\node_modules\\@redis\\client\\dist\\lib\\RESP\\decoder.js:457:13)\n    at #decodeTypeValue (D:\\Project\\2 - Restaurant\\node_modules\\@redis\\client\\dist\\lib\\RESP\\decoder.js:104:91)\n    at Decoder.write (D:\\Project\\2 - Restaurant\\node_modules\\@redis\\client\\dist\\lib\\RESP\\decoder.js:74:38)\n    at RedisSocket.<anonymous> (D:\\Project\\2 - Restaurant\\node_modules\\@redis\\client\\dist\\lib\\client\\index.js:461:37)\n    at RedisSocket.emit (node:events:508:28)\n    at Socket.<anonymous> (D:\\Project\\2 - Restaurant\\node_modules\\@redis\\client\\dist\\lib\\client\\socket.js:235:38)\n    at Socket.emit (node:events:508:28)\n    at addChunk (node:internal/streams/readable:563:12)\n    at readableAddChunkPushByteMode (node:internal/streams/readable:514:3)\n    at Readable.push (node:internal/streams/readable:394:5)","timestamp":"2026-03-24 00:57:55"}
{"level":"info","message":"server is listen on port:","timestamp":"2026-03-24 00:58:11"}
{"level":"info","message":"Redis Connected Successfully","timestamp":"2026-03-24 00:58:12"}
{"level":"error","message":"Redis Client Error: WRONGPASS invalid username-password pair","stack":"Error: WRONGPASS invalid username-password pair\n    at #decodeSimpleError (D:\\Project\\2 - Restaurant\\node_modules\\@redis\\client\\dist\\lib\\RESP\\decoder.js:457:13)\n    at #decodeTypeValue (D:\\Project\\2 - Restaurant\\node_modules\\@redis\\client\\dist\\lib\\RESP\\decoder.js:104:91)\n    at Decoder.write (D:\\Project\\2 - Restaurant\\node_modules\\@redis\\client\\dist\\lib\\RESP\\decoder.js:74:38)\n    at RedisSocket.<anonymous> (D:\\Project\\2 - Restaurant\\node_modules\\@redis\\client\\dist\\lib\\client\\index.js:461:37)\n    at RedisSocket.emit (node:events:508:28)\n    at Socket.<anonymous> (D:\\Project\\2 - Restaurant\\node_modules\\@redis\\client\\dist\\lib\\client\\socket.js:235:38)\n    at Socket.emit (node:events:508:28)\n    at addChunk (node:internal/streams/readable:563:12)\n    at readableAddChunkPushByteMode (node:internal/streams/readable:514:3)\n    at Readable.push (node:internal/streams/readable:394:5)","timestamp":"2026-03-24 00:58:12"}
{"level":"info","message":"Redis Connected Successfully","timestamp":"2026-03-24 00:58:12"}
{"level":"error","message":"Redis Client Error: WRONGPASS invalid username-password pair","stack":"Error: WRONGPASS invalid username-password pair\n    at #decodeSimpleError (D:\\Project\\2 - Restaurant\\node_modules\\@redis\\client\\dist\\lib\\RESP\\decoder.js:457:13)\n    at #decodeTypeValue (D:\\Project\\2 - Restaurant\\node_modules\\@redis\\client\\dist\\lib\\RESP\\decoder.js:104:91)\n    at Decoder.write (D:\\Project\\2 - Restaurant\\node_modules\\@redis\\client\\dist\\lib\\RESP\\decoder.js:74:38)\n    at RedisSocket.<anonymous> (D:\\Project\\2 - Restaurant\\node_modules\\@redis\\client\\dist\\lib\\client\\index.js:461:37)\n    at RedisSocket.emit (node:events:508:28)\n    at Socket.<anonymous> (D:\\Project\\2 - Restaurant\\node_modules\\@redis\\client\\dist\\lib\\client\\socket.js:235:38)\n    at Socket.emit (node:events:508:28)\n    at addChunk (node:internal/streams/readable:563:12)\n    at readableAddChunkPushByteMode (node:internal/streams/readable:514:3)\n    at Readable.push (node:internal/streams/readable:394:5)","timestamp":"2026-03-24 00:58:12"}
{"level":"info","message":"Redis Connected Successfully","timestamp":"2026-03-24 00:58:13"}
{"level":"info","message":"DataBase Connected Successfully","timestamp":"2026-03-24 00:58:13"}
{"level":"error","message":"Redis Client Error: WRONGPASS invalid username-password pair","stack":"Error: WRONGPASS invalid username-password pair\n    at #decodeSimpleError (D:\\Project\\2 - Restaurant\\node_modules\\@redis\\client\\dist\\lib\\RESP\\decoder.js:457:13)\n    at #decodeTypeValue (D:\\Project\\2 - Restaurant\\node_modules\\@redis\\client\\dist\\lib\\RESP\\decoder.js:104:91)\n    at Decoder.write (D:\\Project\\2 - Restaurant\\node_modules\\@redis\\client\\dist\\lib\\RESP\\decoder.js:74:38)\n    at RedisSocket.<anonymous> (D:\\Project\\2 - Restaurant\\node_modules\\@redis\\client\\dist\\lib\\client\\index.js:461:37)\n    at RedisSocket.emit (node:events:508:28)\n    at Socket.<anonymous> (D:\\Project\\2 - Restaurant\\node_modules\\@redis\\client\\dist\\lib\\client\\socket.js:235:38)\n    at Socket.emit (node:events:508:28)\n    at addChunk (node:internal/streams/readable:563:12)\n    at readableAddChunkPushByteMode (node:internal/streams/readable:514:3)\n    at Readable.push (node:internal/streams/readable:394:5)","timestamp":"2026-03-24 00:58:13"}
{"level":"info","message":"Redis Connected Successfully","timestamp":"2026-03-24 00:58:14"}
{"level":"error","message":"Redis Client Error: WRONGPASS invalid username-password pair","stack":"Error: WRONGPASS invalid username-password pair\n    at #decodeSimpleError (D:\\Project\\2 - Restaurant\\node_modules\\@redis\\client\\dist\\lib\\RESP\\decoder.js:457:13)\n    at #decodeTypeValue (D:\\Project\\2 - Restaurant\\node_modules\\@redis\\client\\dist\\lib\\RESP\\decoder.js:104:91)\n    at Decoder.write (D:\\Project\\2 - Restaurant\\node_modules\\@redis\\client\\dist\\lib\\RESP\\decoder.js:74:38)\n    at RedisSocket.<anonymous> (D:\\Project\\2 - Restaurant\\node_modules\\@redis\\client\\dist\\lib\\client\\index.js:461:37)\n    at RedisSocket.emit (node:events:508:28)\n    at Socket.<anonymous> (D:\\Project\\2 - Restaurant\\node_modules\\@redis\\client\\dist\\lib\\client\\socket.js:235:38)\n    at Socket.emit (node:events:508:28)\n    at addChunk (node:internal/streams/readable:563:12)\n    at readableAddChunkPushByteMode (node:internal/streams/readable:514:3)\n    at Readable.push (node:internal/streams/readable:394:5)","timestamp":"2026-03-24 00:58:14"}
{"level":"info","message":"Redis Connected Successfully","timestamp":"2026-03-24 00:58:16"}
{"level":"error","message":"Redis max retries reached, stopping...","timestamp":"2026-03-24 00:58:16"}
{"level":"error","message":"Redis Client Error: WRONGPASS invalid username-password pair","stack":"Error: WRONGPASS invalid username-password pair\n    at #decodeSimpleError (D:\\Project\\2 - Restaurant\\node_modules\\@redis\\client\\dist\\lib\\RESP\\decoder.js:457:13)\n    at #decodeTypeValue (D:\\Project\\2 - Restaurant\\node_modules\\@redis\\client\\dist\\lib\\RESP\\decoder.js:104:91)\n    at Decoder.write (D:\\Project\\2 - Restaurant\\node_modules\\@redis\\client\\dist\\lib\\RESP\\decoder.js:74:38)\n    at RedisSocket.<anonymous> (D:\\Project\\2 - Restaurant\\node_modules\\@redis\\client\\dist\\lib\\client\\index.js:461:37)\n    at RedisSocket.emit (node:events:508:28)\n    at Socket.<anonymous> (D:\\Project\\2 - Restaurant\\node_modules\\@redis\\client\\dist\\lib\\client\\socket.js:235:38)\n    at Socket.emit (node:events:508:28)\n    at addChunk (node:internal/streams/readable:563:12)\n    at readableAddChunkPushByteMode (node:internal/streams/readable:514:3)\n    at Readable.push (node:internal/streams/readable:394:5)","timestamp":"2026-03-24 00:58:16"}
{"level":"error","message":"Redis connection failed: WRONGPASS invalid username-password pair","stack":"Error: WRONGPASS invalid username-password pair\n    at #decodeSimpleError (D:\\Project\\2 - Restaurant\\node_modules\\@redis\\client\\dist\\lib\\RESP\\decoder.js:457:13)\n    at #decodeTypeValue (D:\\Project\\2 - Restaurant\\node_modules\\@redis\\client\\dist\\lib\\RESP\\decoder.js:104:91)\n    at Decoder.write (D:\\Project\\2 - Restaurant\\node_modules\\@redis\\client\\dist\\lib\\RESP\\decoder.js:74:38)\n    at RedisSocket.<anonymous> (D:\\Project\\2 - Restaurant\\node_modules\\@redis\\client\\dist\\lib\\client\\index.js:461:37)\n    at RedisSocket.emit (node:events:508:28)\n    at Socket.<anonymous> (D:\\Project\\2 - Restaurant\\node_modules\\@redis\\client\\dist\\lib\\client\\socket.js:235:38)\n    at Socket.emit (node:events:508:28)\n    at addChunk (node:internal/streams/readable:563:12)\n    at readableAddChunkPushByteMode (node:internal/streams/readable:514:3)\n    at Readable.push (node:internal/streams/readable:394:5)","timestamp":"2026-03-24 00:58:16"}
{"level":"info","message":"server is listen on port:","timestamp":"2026-03-24 01:00:27"}
{"level":"info","message":"Redis Connected Successfully","timestamp":"2026-03-24 01:00:27"}
{"level":"info","message":"DataBase Connected Successfully","timestamp":"2026-03-24 01:00:29"}
{"level":"info","message":"server is listen on port:","timestamp":"2026-03-24 01:00:54"}
{"level":"info","message":"Redis Connected Successfully","timestamp":"2026-03-24 01:00:54"}
{"level":"info","message":"DataBase Connected Successfully","timestamp":"2026-03-24 01:00:56"}
{"level":"info","message":"server is listen on port:","timestamp":"2026-03-24 01:01:47"}
{"level":"info","message":"Redis Connected Successfully","timestamp":"2026-03-24 01:01:47"}
{"level":"info","message":"DataBase Connected Successfully","timestamp":"2026-03-24 01:01:48"}
{"level":"info","message":"server is listen on port:","timestamp":"2026-03-24 01:02:35"}
{"level":"info","message":"Redis Connected Successfully","timestamp":"2026-03-24 01:02:35"}
{"level":"info","message":"DataBase Connected Successfully","timestamp":"2026-03-24 01:02:37"}
{"level":"info","message":"server is listen on port:","timestamp":"2026-03-24 01:03:19"}
{"level":"info","message":"Redis Connected Successfully","timestamp":"2026-03-24 01:03:21"}
{"level":"info","message":"DataBase Connected Successfully","timestamp":"2026-03-24 01:03:22"}
{"level":"info","message":"server is listen on port:","timestamp":"2026-03-24 01:03:23"}
{"level":"info","message":"Redis Connected Successfully","timestamp":"2026-03-24 01:03:23"}
{"level":"error","message":"Redis Client Error: WRONGPASS invalid username-password pair","stack":"Error: WRONGPASS invalid username-password pair\n    at #decodeSimpleError (D:\\Project\\2 - Restaurant\\node_modules\\@redis\\client\\dist\\lib\\RESP\\decoder.js:457:13)\n    at #decodeTypeValue (D:\\Project\\2 - Restaurant\\node_modules\\@redis\\client\\dist\\lib\\RESP\\decoder.js:104:91)\n    at Decoder.write (D:\\Project\\2 - Restaurant\\node_modules\\@redis\\client\\dist\\lib\\RESP\\decoder.js:74:38)\n    at RedisSocket.<anonymous> (D:\\Project\\2 - Restaurant\\node_modules\\@redis\\client\\dist\\lib\\client\\index.js:461:37)\n    at RedisSocket.emit (node:events:508:28)\n    at Socket.<anonymous> (D:\\Project\\2 - Restaurant\\node_modules\\@redis\\client\\dist\\lib\\client\\socket.js:235:38)\n    at Socket.emit (node:events:508:28)\n    at addChunk (node:internal/streams/readable:563:12)\n    at readableAddChunkPushByteMode (node:internal/streams/readable:514:3)\n    at Readable.push (node:internal/streams/readable:394:5)","timestamp":"2026-03-24 01:03:23"}
{"level":"info","message":"Redis Connected Successfully","timestamp":"2026-03-24 01:03:23"}
{"level":"error","message":"Redis Client Error: WRONGPASS invalid username-password pair","stack":"Error: WRONGPASS invalid username-password pair\n    at #decodeSimpleError (D:\\Project\\2 - Restaurant\\node_modules\\@redis\\client\\dist\\lib\\RESP\\decoder.js:457:13)\n    at #decodeTypeValue (D:\\Project\\2 - Restaurant\\node_modules\\@redis\\client\\dist\\lib\\RESP\\decoder.js:104:91)\n    at Decoder.write (D:\\Project\\2 - Restaurant\\node_modules\\@redis\\client\\dist\\lib\\RESP\\decoder.js:74:38)\n    at RedisSocket.<anonymous> (D:\\Project\\2 - Restaurant\\node_modules\\@redis\\client\\dist\\lib\\client\\index.js:461:37)\n    at RedisSocket.emit (node:events:508:28)\n    at Socket.<anonymous> (D:\\Project\\2 - Restaurant\\node_modules\\@redis\\client\\dist\\lib\\client\\socket.js:235:38)\n    at Socket.emit (node:events:508:28)\n    at addChunk (node:internal/streams/readable:563:12)\n    at readableAddChunkPushByteMode (node:internal/streams/readable:514:3)\n    at Readable.push (node:internal/streams/readable:394:5)","timestamp":"2026-03-24 01:03:24"}
{"level":"info","message":"Redis Connected Successfully","timestamp":"2026-03-24 01:03:24"}
{"level":"info","message":"DataBase Connected Successfully","timestamp":"2026-03-24 01:03:24"}
{"level":"error","message":"Redis Client Error: WRONGPASS invalid username-password pair","stack":"Error: WRONGPASS invalid username-password pair\n    at #decodeSimpleError (D:\\Project\\2 - Restaurant\\node_modules\\@redis\\client\\dist\\lib\\RESP\\decoder.js:457:13)\n    at #decodeTypeValue (D:\\Project\\2 - Restaurant\\node_modules\\@redis\\client\\dist\\lib\\RESP\\decoder.js:104:91)\n    at Decoder.write (D:\\Project\\2 - Restaurant\\node_modules\\@redis\\client\\dist\\lib\\RESP\\decoder.js:74:38)\n    at RedisSocket.<anonymous> (D:\\Project\\2 - Restaurant\\node_modules\\@redis\\client\\dist\\lib\\client\\index.js:461:37)\n    at RedisSocket.emit (node:events:508:28)\n    at Socket.<anonymous> (D:\\Project\\2 - Restaurant\\node_modules\\@redis\\client\\dist\\lib\\client\\socket.js:235:38)\n    at Socket.emit (node:events:508:28)\n    at addChunk (node:internal/streams/readable:563:12)\n    at readableAddChunkPushByteMode (node:internal/streams/readable:514:3)\n    at Readable.push (node:internal/streams/readable:394:5)","timestamp":"2026-03-24 01:03:24"}
{"level":"info","message":"Redis Connected Successfully","timestamp":"2026-03-24 01:03:26"}
{"level":"error","message":"Redis Client Error: WRONGPASS invalid username-password pair","stack":"Error: WRONGPASS invalid username-password pair\n    at #decodeSimpleError (D:\\Project\\2 - Restaurant\\node_modules\\@redis\\client\\dist\\lib\\RESP\\decoder.js:457:13)\n    at #decodeTypeValue (D:\\Project\\2 - Restaurant\\node_modules\\@redis\\client\\dist\\lib\\RESP\\decoder.js:104:91)\n    at Decoder.write (D:\\Project\\2 - Restaurant\\node_modules\\@redis\\client\\dist\\lib\\RESP\\decoder.js:74:38)\n    at RedisSocket.<anonymous> (D:\\Project\\2 - Restaurant\\node_modules\\@redis\\client\\dist\\lib\\client\\index.js:461:37)\n    at RedisSocket.emit (node:events:508:28)\n    at Socket.<anonymous> (D:\\Project\\2 - Restaurant\\node_modules\\@redis\\client\\dist\\lib\\client\\socket.js:235:38)\n    at Socket.emit (node:events:508:28)\n    at addChunk (node:internal/streams/readable:563:12)\n    at readableAddChunkPushByteMode (node:internal/streams/readable:514:3)\n    at Readable.push (node:internal/streams/readable:394:5)","timestamp":"2026-03-24 01:03:26"}
{"level":"info","message":"Redis Connected Successfully","timestamp":"2026-03-24 01:03:27"}
{"level":"error","message":"Redis max retries, stopping...","timestamp":"2026-03-24 01:03:28"}
{"level":"error","message":"Redis Client Error: WRONGPASS invalid username-password pair","stack":"Error: WRONGPASS invalid username-password pair\n    at #decodeSimpleError (D:\\Project\\2 - Restaurant\\node_modules\\@redis\\client\\dist\\lib\\RESP\\decoder.js:457:13)\n    at #decodeTypeValue (D:\\Project\\2 - Restaurant\\node_modules\\@redis\\client\\dist\\lib\\RESP\\decoder.js:104:91)\n    at Decoder.write (D:\\Project\\2 - Restaurant\\node_modules\\@redis\\client\\dist\\lib\\RESP\\decoder.js:74:38)\n    at RedisSocket.<anonymous> (D:\\Project\\2 - Restaurant\\node_modules\\@redis\\client\\dist\\lib\\client\\index.js:461:37)\n    at RedisSocket.emit (node:events:508:28)\n    at Socket.<anonymous> (D:\\Project\\2 - Restaurant\\node_modules\\@redis\\client\\dist\\lib\\client\\socket.js:235:38)\n    at Socket.emit (node:events:508:28)\n    at addChunk (node:internal/streams/readable:563:12)\n    at readableAddChunkPushByteMode (node:internal/streams/readable:514:3)\n    at Readable.push (node:internal/streams/readable:394:5)","timestamp":"2026-03-24 01:03:28"}
{"level":"error","message":"Redis connection failed: WRONGPASS invalid username-password pair","stack":"Error: WRONGPASS invalid username-password pair\n    at #decodeSimpleError (D:\\Project\\2 - Restaurant\\node_modules\\@redis\\client\\dist\\lib\\RESP\\decoder.js:457:13)\n    at #decodeTypeValue (D:\\Project\\2 - Restaurant\\node_modules\\@redis\\client\\dist\\lib\\RESP\\decoder.js:104:91)\n    at Decoder.write (D:\\Project\\2 - Restaurant\\node_modules\\@redis\\client\\dist\\lib\\RESP\\decoder.js:74:38)\n    at RedisSocket.<anonymous> (D:\\Project\\2 - Restaurant\\node_modules\\@redis\\client\\dist\\lib\\client\\index.js:461:37)\n    at RedisSocket.emit (node:events:508:28)\n    at Socket.<anonymous> (D:\\Project\\2 - Restaurant\\node_modules\\@redis\\client\\dist\\lib\\client\\socket.js:235:38)\n    at Socket.emit (node:events:508:28)\n    at addChunk (node:internal/streams/readable:563:12)\n    at readableAddChunkPushByteMode (node:internal/streams/readable:514:3)\n    at Readable.push (node:internal/streams/readable:394:5)","timestamp":"2026-03-24 01:03:28"}
{"level":"info","message":"server is listen on port:","timestamp":"2026-03-24 01:04:13"}
{"level":"info","message":"Redis Connected Successfully","timestamp":"2026-03-24 01:04:13"}
{"level":"info","message":"DataBase Connected Successfully","timestamp":"2026-03-24 01:04:14"}
{"level":"info","message":"server is listen on port:","timestamp":"2026-03-24 01:19:13"}
{"level":"info","message":"Redis Connected Successfully","timestamp":"2026-03-24 01:19:13"}
{"level":"info","message":"DataBase Connected Successfully","timestamp":"2026-03-24 01:19:14"}
{"level":"info","message":"server is listen on port:","timestamp":"2026-03-24 01:22:38"}
{"level":"info","message":"Redis Connected Successfully","timestamp":"2026-03-24 01:22:39"}
{"level":"info","message":"DataBase Connected Successfully","timestamp":"2026-03-24 01:22:40"}
{"level":"info","message":"server is listen on port:","timestamp":"2026-03-24 01:22:49"}
{"level":"info","message":"Redis Connected Successfully","timestamp":"2026-03-24 01:22:49"}
{"level":"info","message":"server is listen on port:","timestamp":"2026-03-24 01:22:57"}
{"level":"info","message":"Redis Connected Successfully","timestamp":"2026-03-24 01:22:57"}
{"level":"info","message":"DataBase Connected Successfully","timestamp":"2026-03-24 01:22:58"}
{"level":"info","message":"server is listen on port:","timestamp":"2026-03-24 01:23:37"}
{"level":"info","message":"Redis Connected Successfully","timestamp":"2026-03-24 01:23:37"}
{"level":"info","message":"DataBase Connected Successfully","timestamp":"2026-03-24 01:23:38"}
{"level":"info","message":"server is listen on port:","timestamp":"2026-03-24 01:23:41"}
{"level":"info","message":"Redis Connected Successfully","timestamp":"2026-03-24 01:23:41"}
{"level":"info","message":"DataBase Connected Successfully","timestamp":"2026-03-24 01:23:42"}
{"level":"info","message":"server is listen on port:","timestamp":"2026-03-24 01:24:38"}
{"level":"info","message":"Redis Connected Successfully","timestamp":"2026-03-24 01:24:39"}
{"level":"info","message":"server is listen on port:","timestamp":"2026-03-24 01:24:40"}
{"level":"info","message":"Redis Connected Successfully","timestamp":"2026-03-24 01:24:40"}
{"level":"info","message":"DataBase Connected Successfully","timestamp":"2026-03-24 01:24:41"}
{"level":"info","message":"server is listen on port:","timestamp":"2026-03-24 01:24:44"}
{"level":"info","message":"server is listen on port:","timestamp":"2026-03-24 01:24:45"}
{"level":"info","message":"Redis Connected Successfully","timestamp":"2026-03-24 01:24:45"}
{"level":"info","message":"server is listen on port:","timestamp":"2026-03-24 01:24:46"}
{"level":"info","message":"Redis Connected Successfully","timestamp":"2026-03-24 01:24:47"}
{"level":"info","message":"DataBase Connected Successfully","timestamp":"2026-03-24 01:24:48"}
{"level":"info","message":"server is listen on port:","timestamp":"2026-03-24 01:28:45"}
{"level":"info","message":"Redis Connected Successfully","timestamp":"2026-03-24 01:28:45"}
{"level":"info","message":"DataBase Connected Successfully","timestamp":"2026-03-24 01:28:46"}
{"level":"info","message":"server is listen on port:","timestamp":"2026-03-24 01:29:02"}
{"level":"info","message":"Redis Connected Successfully","timestamp":"2026-03-24 01:29:02"}
{"level":"info","message":"DataBase Connected Successfully","timestamp":"2026-03-24 01:29:03"}
{"level":"info","message":"server is listen on port:","timestamp":"2026-03-24 01:29:18"}
{"level":"info","message":"server is listen on port:","timestamp":"2026-03-24 01:29:26"}
{"level":"info","message":"Redis Connected Successfully","timestamp":"2026-03-24 01:29:27"}
{"level":"info","message":"DataBase Connected Successfully","timestamp":"2026-03-24 01:29:28"}
{"level":"info","message":"server is listen on port:","timestamp":"2026-03-24 01:30:01"}
{"level":"info","message":"Redis Connected Successfully","timestamp":"2026-03-24 01:30:01"}
{"level":"info","message":"DataBase Connected Successfully","timestamp":"2026-03-24 01:30:02"}
{"level":"info","message":"server is listen on port:","timestamp":"2026-03-24 01:32:28"}
{"level":"info","message":"Redis Connected Successfully","timestamp":"2026-03-24 01:32:28"}
{"level":"info","message":"DataBase Connected Successfully","timestamp":"2026-03-24 01:32:29"}
{"level":"info","message":"server is listen on port:","timestamp":"2026-03-24 01:40:01"}
{"level":"info","message":"Redis Connected Successfully","timestamp":"2026-03-24 01:40:02"}
{"level":"info","message":"DataBase Connected Successfully","timestamp":"2026-03-24 01:40:03"}
